PhantomJS is launching GhostDriver...
[INFO  - 2015-03-27T18:56:52.130Z] GhostDriver - Main - running on port 58111
[INFO  - 2015-03-27T18:56:52.465Z] Session [07e489d0-d4b3-11e4-a324-b71dff4112a1] - page.settings - {"XSSAuditingEnabled":false,"javascriptCanCloseWindows":true,"javascriptCanOpenWindows":true,"javascriptEnabled":true,"loadImages":true,"localToRemoteUrlAccessEnabled":false,"userAgent":"Mozilla/5.0 (Macintosh; Intel Mac OS X) AppleWebKit/534.34 (KHTML, like Gecko) PhantomJS/1.9.8 Safari/534.34","webSecurityEnabled":true}
[INFO  - 2015-03-27T18:56:52.465Z] Session [07e489d0-d4b3-11e4-a324-b71dff4112a1] - page.customHeaders:  - {}
[INFO  - 2015-03-27T18:56:52.465Z] Session [07e489d0-d4b3-11e4-a324-b71dff4112a1] - Session.negotiatedCapabilities - {"browserName":"phantomjs","version":"1.9.8","driverName":"ghostdriver","driverVersion":"1.1.0","platform":"mac-10.10 (Yosemite)-32bit","javascriptEnabled":true,"takesScreenshot":true,"handlesAlerts":false,"databaseEnabled":false,"locationContextEnabled":false,"applicationCacheEnabled":false,"browserConnectionEnabled":false,"cssSelectorsEnabled":true,"webStorageEnabled":false,"rotatable":false,"acceptSslCerts":false,"nativeEvents":true,"proxy":{"proxyType":"direct"}}
[INFO  - 2015-03-27T18:56:52.465Z] SessionManagerReqHand - _postNewSessionCommand - New Session Created: 07e489d0-d4b3-11e4-a324-b71dff4112a1
[ERROR - 2015-03-27T18:56:57.429Z] WebElementLocator - _handleLocateCommand - Element(s) NOT Found: GAVE UP. Search Stop Time: 1427482617381
[ERROR - 2015-03-27T18:56:58.431Z] WebElementLocator - _handleLocateCommand - Element(s) NOT Found: GAVE UP. Search Stop Time: 1427482618384
[ERROR - 2015-03-27T18:56:59.419Z] WebElementLocator - _handleLocateCommand - Element(s) NOT Found: GAVE UP. Search Stop Time: 1427482619370
[ERROR - 2015-03-27T18:57:00.406Z] WebElementLocator - _handleLocateCommand - Element(s) NOT Found: GAVE UP. Search Stop Time: 1427482620364
[ERROR - 2015-03-27T18:57:01.406Z] WebElementLocator - _handleLocateCommand - Element(s) NOT Found: GAVE UP. Search Stop Time: 1427482621354
[ERROR - 2015-03-27T18:57:02.397Z] WebElementLocator - _handleLocateCommand - Element(s) NOT Found: GAVE UP. Search Stop Time: 1427482622351
[ERROR - 2015-03-27T18:57:03.482Z] WebElementLocator - _handleLocateCommand - Element(s) NOT Found: GAVE UP. Search Stop Time: 1427482623441
[ERROR - 2015-03-27T18:57:04.461Z] WebElementLocator - _handleLocateCommand - Element(s) NOT Found: GAVE UP. Search Stop Time: 1427482624423
[ERROR - 2015-03-27T18:57:05.471Z] WebElementLocator - _handleLocateCommand - Element(s) NOT Found: GAVE UP. Search Stop Time: 1427482625429
[ERROR - 2015-03-27T18:57:06.474Z] WebElementLocator - _handleLocateCommand - Element(s) NOT Found: GAVE UP. Search Stop Time: 1427482626423
[ERROR - 2015-03-27T18:57:07.457Z] WebElementLocator - _handleLocateCommand - Element(s) NOT Found: GAVE UP. Search Stop Time: 1427482627410
[ERROR - 2015-03-27T18:57:08.449Z] WebElementLocator - _handleLocateCommand - Element(s) NOT Found: GAVE UP. Search Stop Time: 1427482628403
[ERROR - 2015-03-27T18:57:11.812Z] WebElementLocator - _handleLocateCommand - Element(s) NOT Found: GAVE UP. Search Stop Time: 1427482631766
[ERROR - 2015-03-27T18:57:12.820Z] WebElementLocator - _handleLocateCommand - Element(s) NOT Found: GAVE UP. Search Stop Time: 1427482632775
[ERROR - 2015-03-27T18:57:13.826Z] WebElementLocator - _handleLocateCommand - Element(s) NOT Found: GAVE UP. Search Stop Time: 1427482633782
[ERROR - 2015-03-27T18:57:14.826Z] WebElementLocator - _handleLocateCommand - Element(s) NOT Found: GAVE UP. Search Stop Time: 1427482634783
[ERROR - 2015-03-27T18:57:15.818Z] WebElementLocator - _handleLocateCommand - Element(s) NOT Found: GAVE UP. Search Stop Time: 1427482635771
[ERROR - 2015-03-27T18:57:16.931Z] WebElementLocator - _handleLocateCommand - Element(s) NOT Found: GAVE UP. Search Stop Time: 1427482636882
[ERROR - 2015-03-27T18:57:17.929Z] WebElementLocator - _handleLocateCommand - Element(s) NOT Found: GAVE UP. Search Stop Time: 1427482637884
[ERROR - 2015-03-27T18:57:18.923Z] WebElementLocator - _handleLocateCommand - Element(s) NOT Found: GAVE UP. Search Stop Time: 1427482638879
[ERROR - 2015-03-27T18:57:19.913Z] WebElementLocator - _handleLocateCommand - Element(s) NOT Found: GAVE UP. Search Stop Time: 1427482639868
[ERROR - 2015-03-27T18:57:20.897Z] WebElementLocator - _handleLocateCommand - Element(s) NOT Found: GAVE UP. Search Stop Time: 1427482640857
[ERROR - 2015-03-27T18:57:21.895Z] WebElementLocator - _handleLocateCommand - Element(s) NOT Found: GAVE UP. Search Stop Time: 1427482641846
[ERROR - 2015-03-27T18:57:25.233Z] WebElementLocator - _handleLocateCommand - Element(s) NOT Found: GAVE UP. Search Stop Time: 1427482645190
[ERROR - 2015-03-27T18:57:26.225Z] WebElementLocator - _handleLocateCommand - Element(s) NOT Found: GAVE UP. Search Stop Time: 1427482646179
[ERROR - 2015-03-27T18:57:27.221Z] WebElementLocator - _handleLocateCommand - Element(s) NOT Found: GAVE UP. Search Stop Time: 1427482647177
[ERROR - 2015-03-27T18:57:28.211Z] WebElementLocator - _handleLocateCommand - Element(s) NOT Found: GAVE UP. Search Stop Time: 1427482648165
[ERROR - 2015-03-27T18:57:29.216Z] WebElementLocator - _handleLocateCommand - Element(s) NOT Found: GAVE UP. Search Stop Time: 1427482649168
[ERROR - 2015-03-27T18:57:30.232Z] WebElementLocator - _handleLocateCommand - Element(s) NOT Found: GAVE UP. Search Stop Time: 1427482650187
[ERROR - 2015-03-27T18:57:31.337Z] WebElementLocator - _handleLocateCommand - Element(s) NOT Found: GAVE UP. Search Stop Time: 1427482651289
[ERROR - 2015-03-27T18:57:32.331Z] WebElementLocator - _handleLocateCommand - Element(s) NOT Found: GAVE UP. Search Stop Time: 1427482652288
[ERROR - 2015-03-27T18:57:33.336Z] WebElementLocator - _handleLocateCommand - Element(s) NOT Found: GAVE UP. Search Stop Time: 1427482653289
[ERROR - 2015-03-27T18:57:34.324Z] WebElementLocator - _handleLocateCommand - Element(s) NOT Found: GAVE UP. Search Stop Time: 1427482654286
[ERROR - 2015-03-27T18:57:35.319Z] WebElementLocator - _handleLocateCommand - Element(s) NOT Found: GAVE UP. Search Stop Time: 1427482655274
[ERROR - 2015-03-27T18:57:36.318Z] WebElementLocator - _handleLocateCommand - Element(s) NOT Found: GAVE UP. Search Stop Time: 1427482656272
[ERROR - 2015-03-27T18:57:39.661Z] WebElementLocator - _handleLocateCommand - Element(s) NOT Found: GAVE UP. Search Stop Time: 1427482659614
[ERROR - 2015-03-27T18:57:40.696Z] WebElementLocator - _handleLocateCommand - Element(s) NOT Found: GAVE UP. Search Stop Time: 1427482660652
[ERROR - 2015-03-27T18:57:41.714Z] WebElementLocator - _handleLocateCommand - Element(s) NOT Found: GAVE UP. Search Stop Time: 1427482661660
[ERROR - 2015-03-27T18:57:42.731Z] WebElementLocator - _handleLocateCommand - Element(s) NOT Found: GAVE UP. Search Stop Time: 1427482662684
[ERROR - 2015-03-27T18:57:43.761Z] WebElementLocator - _handleLocateCommand - Element(s) NOT Found: GAVE UP. Search Stop Time: 1427482663707
[ERROR - 2015-03-27T18:57:44.914Z] WebElementLocator - _handleLocateCommand - Element(s) NOT Found: GAVE UP. Search Stop Time: 1427482664869
[ERROR - 2015-03-27T18:57:45.925Z] WebElementLocator - _handleLocateCommand - Element(s) NOT Found: GAVE UP. Search Stop Time: 1427482665883
[ERROR - 2015-03-27T18:57:46.943Z] WebElementLocator - _handleLocateCommand - Element(s) NOT Found: GAVE UP. Search Stop Time: 1427482666900
[ERROR - 2015-03-27T18:57:47.971Z] WebElementLocator - _handleLocateCommand - Element(s) NOT Found: GAVE UP. Search Stop Time: 1427482667926
[ERROR - 2015-03-27T18:57:48.989Z] WebElementLocator - _handleLocateCommand - Element(s) NOT Found: GAVE UP. Search Stop Time: 1427482668947
[ERROR - 2015-03-27T18:57:54.354Z] WebElementLocator - _handleLocateCommand - Element(s) NOT Found: GAVE UP. Search Stop Time: 1427482674310
[ERROR - 2015-03-27T18:57:55.349Z] WebElementLocator - _handleLocateCommand - Element(s) NOT Found: GAVE UP. Search Stop Time: 1427482675299
[ERROR - 2015-03-27T18:57:56.338Z] WebElementLocator - _handleLocateCommand - Element(s) NOT Found: GAVE UP. Search Stop Time: 1427482676292
[ERROR - 2015-03-27T18:57:57.339Z] WebElementLocator - _handleLocateCommand - Element(s) NOT Found: GAVE UP. Search Stop Time: 1427482677283
[ERROR - 2015-03-27T18:57:58.337Z] WebElementLocator - _handleLocateCommand - Element(s) NOT Found: GAVE UP. Search Stop Time: 1427482678285
[ERROR - 2015-03-27T18:57:59.333Z] WebElementLocator - _handleLocateCommand - Element(s) NOT Found: GAVE UP. Search Stop Time: 1427482679285
[ERROR - 2015-03-27T18:58:00.428Z] WebElementLocator - _handleLocateCommand - Element(s) NOT Found: GAVE UP. Search Stop Time: 1427482680380
[ERROR - 2015-03-27T18:58:01.419Z] WebElementLocator - _handleLocateCommand - Element(s) NOT Found: GAVE UP. Search Stop Time: 1427482681380
[ERROR - 2015-03-27T18:58:02.406Z] WebElementLocator - _handleLocateCommand - Element(s) NOT Found: GAVE UP. Search Stop Time: 1427482682356
[ERROR - 2015-03-27T18:58:03.409Z] WebElementLocator - _handleLocateCommand - Element(s) NOT Found: GAVE UP. Search Stop Time: 1427482683357
[ERROR - 2015-03-27T18:58:04.387Z] WebElementLocator - _handleLocateCommand - Element(s) NOT Found: GAVE UP. Search Stop Time: 1427482684341
[ERROR - 2015-03-27T18:58:05.376Z] WebElementLocator - _handleLocateCommand - Element(s) NOT Found: GAVE UP. Search Stop Time: 1427482685331
[ERROR - 2015-03-27T18:58:08.720Z] WebElementLocator - _handleLocateCommand - Element(s) NOT Found: GAVE UP. Search Stop Time: 1427482688667
[ERROR - 2015-03-27T18:58:09.744Z] WebElementLocator - _handleLocateCommand - Element(s) NOT Found: GAVE UP. Search Stop Time: 1427482689691
[ERROR - 2015-03-27T18:58:10.769Z] WebElementLocator - _handleLocateCommand - Element(s) NOT Found: GAVE UP. Search Stop Time: 1427482690712
[ERROR - 2015-03-27T18:58:11.784Z] WebElementLocator - _handleLocateCommand - Element(s) NOT Found: GAVE UP. Search Stop Time: 1427482691727
[ERROR - 2015-03-27T18:58:12.798Z] WebElementLocator - _handleLocateCommand - Element(s) NOT Found: GAVE UP. Search Stop Time: 1427482692750
[ERROR - 2015-03-27T18:58:13.937Z] WebElementLocator - _handleLocateCommand - Element(s) NOT Found: GAVE UP. Search Stop Time: 1427482693887
[ERROR - 2015-03-27T18:58:14.959Z] WebElementLocator - _handleLocateCommand - Element(s) NOT Found: GAVE UP. Search Stop Time: 1427482694916
[ERROR - 2015-03-27T18:58:15.987Z] WebElementLocator - _handleLocateCommand - Element(s) NOT Found: GAVE UP. Search Stop Time: 1427482695932
[ERROR - 2015-03-27T18:58:17.003Z] WebElementLocator - _handleLocateCommand - Element(s) NOT Found: GAVE UP. Search Stop Time: 1427482696953
[ERROR - 2015-03-27T18:58:18.026Z] WebElementLocator - _handleLocateCommand - Element(s) NOT Found: GAVE UP. Search Stop Time: 1427482697976
[ERROR - 2015-03-27T18:58:21.408Z] WebElementLocator - _handleLocateCommand - Element(s) NOT Found: GAVE UP. Search Stop Time: 1427482701369
[ERROR - 2015-03-27T18:58:22.397Z] WebElementLocator - _handleLocateCommand - Element(s) NOT Found: GAVE UP. Search Stop Time: 1427482702355
[ERROR - 2015-03-27T18:58:23.382Z] WebElementLocator - _handleLocateCommand - Element(s) NOT Found: GAVE UP. Search Stop Time: 1427482703339
[ERROR - 2015-03-27T18:58:24.370Z] WebElementLocator - _handleLocateCommand - Element(s) NOT Found: GAVE UP. Search Stop Time: 1427482704321
[ERROR - 2015-03-27T18:58:25.374Z] WebElementLocator - _handleLocateCommand - Element(s) NOT Found: GAVE UP. Search Stop Time: 1427482705325
[ERROR - 2015-03-27T18:58:26.370Z] WebElementLocator - _handleLocateCommand - Element(s) NOT Found: GAVE UP. Search Stop Time: 1427482706320
[ERROR - 2015-03-27T18:58:27.499Z] WebElementLocator - _handleLocateCommand - Element(s) NOT Found: GAVE UP. Search Stop Time: 1427482707448
[ERROR - 2015-03-27T18:58:28.514Z] WebElementLocator - _handleLocateCommand - Element(s) NOT Found: GAVE UP. Search Stop Time: 1427482708459
[ERROR - 2015-03-27T18:58:29.520Z] WebElementLocator - _handleLocateCommand - Element(s) NOT Found: GAVE UP. Search Stop Time: 1427482709473
[ERROR - 2015-03-27T18:58:30.520Z] WebElementLocator - _handleLocateCommand - Element(s) NOT Found: GAVE UP. Search Stop Time: 1427482710471
[ERROR - 2015-03-27T18:58:31.503Z] WebElementLocator - _handleLocateCommand - Element(s) NOT Found: GAVE UP. Search Stop Time: 1427482711458
[ERROR - 2015-03-27T18:58:34.844Z] WebElementLocator - _handleLocateCommand - Element(s) NOT Found: GAVE UP. Search Stop Time: 1427482714797
[ERROR - 2015-03-27T18:58:35.819Z] WebElementLocator - _handleLocateCommand - Element(s) NOT Found: GAVE UP. Search Stop Time: 1427482715774
[ERROR - 2015-03-27T18:58:36.794Z] WebElementLocator - _handleLocateCommand - Element(s) NOT Found: GAVE UP. Search Stop Time: 1427482716743
[ERROR - 2015-03-27T18:58:37.773Z] WebElementLocator - _handleLocateCommand - Element(s) NOT Found: GAVE UP. Search Stop Time: 1427482717723
[ERROR - 2015-03-27T18:58:38.746Z] WebElementLocator - _handleLocateCommand - Element(s) NOT Found: GAVE UP. Search Stop Time: 1427482718698
[ERROR - 2015-03-27T18:58:39.721Z] WebElementLocator - _handleLocateCommand - Element(s) NOT Found: GAVE UP. Search Stop Time: 1427482719674
[ERROR - 2015-03-27T18:58:40.809Z] WebElementLocator - _handleLocateCommand - Element(s) NOT Found: GAVE UP. Search Stop Time: 1427482720764
[ERROR - 2015-03-27T18:58:41.779Z] WebElementLocator - _handleLocateCommand - Element(s) NOT Found: GAVE UP. Search Stop Time: 1427482721735
[ERROR - 2015-03-27T18:58:42.750Z] WebElementLocator - _handleLocateCommand - Element(s) NOT Found: GAVE UP. Search Stop Time: 1427482722701
[ERROR - 2015-03-27T18:58:43.719Z] WebElementLocator - _handleLocateCommand - Element(s) NOT Found: GAVE UP. Search Stop Time: 1427482723674
[ERROR - 2015-03-27T18:58:44.713Z] WebElementLocator - _handleLocateCommand - Element(s) NOT Found: GAVE UP. Search Stop Time: 1427482724659
[ERROR - 2015-03-27T18:58:45.734Z] WebElementLocator - _handleLocateCommand - Element(s) NOT Found: GAVE UP. Search Stop Time: 1427482725685
[ERROR - 2015-03-27T18:58:49.073Z] WebElementLocator - _handleLocateCommand - Element(s) NOT Found: GAVE UP. Search Stop Time: 1427482729031
[ERROR - 2015-03-27T18:58:50.106Z] WebElementLocator - _handleLocateCommand - Element(s) NOT Found: GAVE UP. Search Stop Time: 1427482730064
[ERROR - 2015-03-27T18:58:51.141Z] WebElementLocator - _handleLocateCommand - Element(s) NOT Found: GAVE UP. Search Stop Time: 1427482731094
[ERROR - 2015-03-27T18:58:52.195Z] WebElementLocator - _handleLocateCommand - Element(s) NOT Found: GAVE UP. Search Stop Time: 1427482732148
[ERROR - 2015-03-27T18:58:53.220Z] WebElementLocator - _handleLocateCommand - Element(s) NOT Found: GAVE UP. Search Stop Time: 1427482733176
[ERROR - 2015-03-27T18:58:54.397Z] WebElementLocator - _handleLocateCommand - Element(s) NOT Found: GAVE UP. Search Stop Time: 1427482734356
[ERROR - 2015-03-27T18:58:55.441Z] WebElementLocator - _handleLocateCommand - Element(s) NOT Found: GAVE UP. Search Stop Time: 1427482735396
[ERROR - 2015-03-27T18:58:56.475Z] WebElementLocator - _handleLocateCommand - Element(s) NOT Found: GAVE UP. Search Stop Time: 1427482736424
[ERROR - 2015-03-27T18:58:57.497Z] WebElementLocator - _handleLocateCommand - Element(s) NOT Found: GAVE UP. Search Stop Time: 1427482737450
[ERROR - 2015-03-27T18:58:58.532Z] WebElementLocator - _handleLocateCommand - Element(s) NOT Found: GAVE UP. Search Stop Time: 1427482738480
[ERROR - 2015-03-27T18:59:03.938Z] WebElementLocator - _handleLocateCommand - Element(s) NOT Found: GAVE UP. Search Stop Time: 1427482743893
[ERROR - 2015-03-27T18:59:04.900Z] WebElementLocator - _handleLocateCommand - Element(s) NOT Found: GAVE UP. Search Stop Time: 1427482744856
[ERROR - 2015-03-27T18:59:05.860Z] WebElementLocator - _handleLocateCommand - Element(s) NOT Found: GAVE UP. Search Stop Time: 1427482745804
[ERROR - 2015-03-27T18:59:06.835Z] WebElementLocator - _handleLocateCommand - Element(s) NOT Found: GAVE UP. Search Stop Time: 1427482746785
[ERROR - 2015-03-27T18:59:07.802Z] WebElementLocator - _handleLocateCommand - Element(s) NOT Found: GAVE UP. Search Stop Time: 1427482747748
[ERROR - 2015-03-27T18:59:08.760Z] WebElementLocator - _handleLocateCommand - Element(s) NOT Found: GAVE UP. Search Stop Time: 1427482748707
[ERROR - 2015-03-27T18:59:09.818Z] WebElementLocator - _handleLocateCommand - Element(s) NOT Found: GAVE UP. Search Stop Time: 1427482749763
[ERROR - 2015-03-27T18:59:10.766Z] WebElementLocator - _handleLocateCommand - Element(s) NOT Found: GAVE UP. Search Stop Time: 1427482750724
[ERROR - 2015-03-27T18:59:11.724Z] WebElementLocator - _handleLocateCommand - Element(s) NOT Found: GAVE UP. Search Stop Time: 1427482751679
[ERROR - 2015-03-27T18:59:12.698Z] WebElementLocator - _handleLocateCommand - Element(s) NOT Found: GAVE UP. Search Stop Time: 1427482752644
[ERROR - 2015-03-27T18:59:13.649Z] WebElementLocator - _handleLocateCommand - Element(s) NOT Found: GAVE UP. Search Stop Time: 1427482753600
[ERROR - 2015-03-27T18:59:14.595Z] WebElementLocator - _handleLocateCommand - Element(s) NOT Found: GAVE UP. Search Stop Time: 1427482754558
[ERROR - 2015-03-27T18:59:17.890Z] WebElementLocator - _handleLocateCommand - Element(s) NOT Found: GAVE UP. Search Stop Time: 1427482757845
[ERROR - 2015-03-27T18:59:18.845Z] WebElementLocator - _handleLocateCommand - Element(s) NOT Found: GAVE UP. Search Stop Time: 1427482758800
[ERROR - 2015-03-27T18:59:19.800Z] WebElementLocator - _handleLocateCommand - Element(s) NOT Found: GAVE UP. Search Stop Time: 1427482759755
[ERROR - 2015-03-27T18:59:20.783Z] WebElementLocator - _handleLocateCommand - Element(s) NOT Found: GAVE UP. Search Stop Time: 1427482760739
[ERROR - 2015-03-27T18:59:21.749Z] WebElementLocator - _handleLocateCommand - Element(s) NOT Found: GAVE UP. Search Stop Time: 1427482761701
[ERROR - 2015-03-27T18:59:22.739Z] WebElementLocator - _handleLocateCommand - Element(s) NOT Found: GAVE UP. Search Stop Time: 1427482762688
[ERROR - 2015-03-27T18:59:23.846Z] WebElementLocator - _handleLocateCommand - Element(s) NOT Found: GAVE UP. Search Stop Time: 1427482763794
[ERROR - 2015-03-27T18:59:24.822Z] WebElementLocator - _handleLocateCommand - Element(s) NOT Found: GAVE UP. Search Stop Time: 1427482764779
[ERROR - 2015-03-27T18:59:25.788Z] WebElementLocator - _handleLocateCommand - Element(s) NOT Found: GAVE UP. Search Stop Time: 1427482765743
[ERROR - 2015-03-27T18:59:26.761Z] WebElementLocator - _handleLocateCommand - Element(s) NOT Found: GAVE UP. Search Stop Time: 1427482766712
[ERROR - 2015-03-27T18:59:27.736Z] WebElementLocator - _handleLocateCommand - Element(s) NOT Found: GAVE UP. Search Stop Time: 1427482767690
[ERROR - 2015-03-27T18:59:28.693Z] WebElementLocator - _handleLocateCommand - Element(s) NOT Found: GAVE UP. Search Stop Time: 1427482768651
[ERROR - 2015-03-27T18:59:32.003Z] WebElementLocator - _handleLocateCommand - Element(s) NOT Found: GAVE UP. Search Stop Time: 1427482771956
[ERROR - 2015-03-27T18:59:32.967Z] WebElementLocator - _handleLocateCommand - Element(s) NOT Found: GAVE UP. Search Stop Time: 1427482772920
[ERROR - 2015-03-27T18:59:33.930Z] WebElementLocator - _handleLocateCommand - Element(s) NOT Found: GAVE UP. Search Stop Time: 1427482773878
[ERROR - 2015-03-27T18:59:34.892Z] WebElementLocator - _handleLocateCommand - Element(s) NOT Found: GAVE UP. Search Stop Time: 1427482774841
[ERROR - 2015-03-27T18:59:35.897Z] WebElementLocator - _handleLocateCommand - Element(s) NOT Found: GAVE UP. Search Stop Time: 1427482775850
[ERROR - 2015-03-27T18:59:36.861Z] WebElementLocator - _handleLocateCommand - Element(s) NOT Found: GAVE UP. Search Stop Time: 1427482776809
[ERROR - 2015-03-27T18:59:37.942Z] WebElementLocator - _handleLocateCommand - Element(s) NOT Found: GAVE UP. Search Stop Time: 1427482777886
[ERROR - 2015-03-27T18:59:38.928Z] WebElementLocator - _handleLocateCommand - Element(s) NOT Found: GAVE UP. Search Stop Time: 1427482778887
[ERROR - 2015-03-27T18:59:39.895Z] WebElementLocator - _handleLocateCommand - Element(s) NOT Found: GAVE UP. Search Stop Time: 1427482779848
[ERROR - 2015-03-27T18:59:40.859Z] WebElementLocator - _handleLocateCommand - Element(s) NOT Found: GAVE UP. Search Stop Time: 1427482780810
[ERROR - 2015-03-27T18:59:41.829Z] WebElementLocator - _handleLocateCommand - Element(s) NOT Found: GAVE UP. Search Stop Time: 1427482781783
[ERROR - 2015-03-27T18:59:42.793Z] WebElementLocator - _handleLocateCommand - Element(s) NOT Found: GAVE UP. Search Stop Time: 1427482782750
[ERROR - 2015-03-27T18:59:46.132Z] WebElementLocator - _handleLocateCommand - Element(s) NOT Found: GAVE UP. Search Stop Time: 1427482786092
[ERROR - 2015-03-27T18:59:47.125Z] WebElementLocator - _handleLocateCommand - Element(s) NOT Found: GAVE UP. Search Stop Time: 1427482787082
[ERROR - 2015-03-27T18:59:48.132Z] WebElementLocator - _handleLocateCommand - Element(s) NOT Found: GAVE UP. Search Stop Time: 1427482788083
[ERROR - 2015-03-27T18:59:49.154Z] WebElementLocator - _handleLocateCommand - Element(s) NOT Found: GAVE UP. Search Stop Time: 1427482789106
[ERROR - 2015-03-27T18:59:50.153Z] WebElementLocator - _handleLocateCommand - Element(s) NOT Found: GAVE UP. Search Stop Time: 1427482790103
[ERROR - 2015-03-27T18:59:51.281Z] WebElementLocator - _handleLocateCommand - Element(s) NOT Found: GAVE UP. Search Stop Time: 1427482791233
[ERROR - 2015-03-27T18:59:52.271Z] WebElementLocator - _handleLocateCommand - Element(s) NOT Found: GAVE UP. Search Stop Time: 1427482792224
[ERROR - 2015-03-27T18:59:53.268Z] WebElementLocator - _handleLocateCommand - Element(s) NOT Found: GAVE UP. Search Stop Time: 1427482793214
[ERROR - 2015-03-27T18:59:54.271Z] WebElementLocator - _handleLocateCommand - Element(s) NOT Found: GAVE UP. Search Stop Time: 1427482794225
[ERROR - 2015-03-27T18:59:55.289Z] WebElementLocator - _handleLocateCommand - Element(s) NOT Found: GAVE UP. Search Stop Time: 1427482795232
[ERROR - 2015-03-27T18:59:58.644Z] WebElementLocator - _handleLocateCommand - Element(s) NOT Found: GAVE UP. Search Stop Time: 1427482798594
[ERROR - 2015-03-27T18:59:59.600Z] WebElementLocator - _handleLocateCommand - Element(s) NOT Found: GAVE UP. Search Stop Time: 1427482799557
[ERROR - 2015-03-27T19:00:00.564Z] WebElementLocator - _handleLocateCommand - Element(s) NOT Found: GAVE UP. Search Stop Time: 1427482800520
[ERROR - 2015-03-27T19:00:01.520Z] WebElementLocator - _handleLocateCommand - Element(s) NOT Found: GAVE UP. Search Stop Time: 1427482801494
[ERROR - 2015-03-27T19:00:02.566Z] WebElementLocator - _handleLocateCommand - Element(s) NOT Found: GAVE UP. Search Stop Time: 1427482802462
[ERROR - 2015-03-27T19:00:03.603Z] WebElementLocator - _handleLocateCommand - Element(s) NOT Found: GAVE UP. Search Stop Time: 1427482803560
[ERROR - 2015-03-27T19:00:04.679Z] WebElementLocator - _handleLocateCommand - Element(s) NOT Found: GAVE UP. Search Stop Time: 1427482804631
[ERROR - 2015-03-27T19:00:05.643Z] WebElementLocator - _handleLocateCommand - Element(s) NOT Found: GAVE UP. Search Stop Time: 1427482805600
[ERROR - 2015-03-27T19:00:06.608Z] WebElementLocator - _handleLocateCommand - Element(s) NOT Found: GAVE UP. Search Stop Time: 1427482806566
[ERROR - 2015-03-27T19:00:07.584Z] WebElementLocator - _handleLocateCommand - Element(s) NOT Found: GAVE UP. Search Stop Time: 1427482807532
[ERROR - 2015-03-27T19:00:08.574Z] WebElementLocator - _handleLocateCommand - Element(s) NOT Found: GAVE UP. Search Stop Time: 1427482808520
[ERROR - 2015-03-27T19:00:09.530Z] WebElementLocator - _handleLocateCommand - Element(s) NOT Found: GAVE UP. Search Stop Time: 1427482809486
[ERROR - 2015-03-27T19:00:13.847Z] WebElementLocator - _handleLocateCommand - Element(s) NOT Found: GAVE UP. Search Stop Time: 1427482813793
[ERROR - 2015-03-27T19:00:14.877Z] WebElementLocator - _handleLocateCommand - Element(s) NOT Found: GAVE UP. Search Stop Time: 1427482814827
[ERROR - 2015-03-27T19:00:15.911Z] WebElementLocator - _handleLocateCommand - Element(s) NOT Found: GAVE UP. Search Stop Time: 1427482815873
[ERROR - 2015-03-27T19:00:16.937Z] WebElementLocator - _handleLocateCommand - Element(s) NOT Found: GAVE UP. Search Stop Time: 1427482816895
[ERROR - 2015-03-27T19:00:17.974Z] WebElementLocator - _handleLocateCommand - Element(s) NOT Found: GAVE UP. Search Stop Time: 1427482817922
[ERROR - 2015-03-27T19:00:19.125Z] WebElementLocator - _handleLocateCommand - Element(s) NOT Found: GAVE UP. Search Stop Time: 1427482819081
[ERROR - 2015-03-27T19:00:20.168Z] WebElementLocator - _handleLocateCommand - Element(s) NOT Found: GAVE UP. Search Stop Time: 1427482820119
[ERROR - 2015-03-27T19:00:21.204Z] WebElementLocator - _handleLocateCommand - Element(s) NOT Found: GAVE UP. Search Stop Time: 1427482821161
[ERROR - 2015-03-27T19:00:22.251Z] WebElementLocator - _handleLocateCommand - Element(s) NOT Found: GAVE UP. Search Stop Time: 1427482822199
[ERROR - 2015-03-27T19:00:23.295Z] WebElementLocator - _handleLocateCommand - Element(s) NOT Found: GAVE UP. Search Stop Time: 1427482823251
[ERROR - 2015-03-27T19:00:26.676Z] WebElementLocator - _handleLocateCommand - Element(s) NOT Found: GAVE UP. Search Stop Time: 1427482826631
[ERROR - 2015-03-27T19:00:27.663Z] WebElementLocator - _handleLocateCommand - Element(s) NOT Found: GAVE UP. Search Stop Time: 1427482827623
[ERROR - 2015-03-27T19:00:28.649Z] WebElementLocator - _handleLocateCommand - Element(s) NOT Found: GAVE UP. Search Stop Time: 1427482828602
[ERROR - 2015-03-27T19:00:29.647Z] WebElementLocator - _handleLocateCommand - Element(s) NOT Found: GAVE UP. Search Stop Time: 1427482829598
[ERROR - 2015-03-27T19:00:30.654Z] WebElementLocator - _handleLocateCommand - Element(s) NOT Found: GAVE UP. Search Stop Time: 1427482830603
[ERROR - 2015-03-27T19:00:31.651Z] WebElementLocator - _handleLocateCommand - Element(s) NOT Found: GAVE UP. Search Stop Time: 1427482831604
[ERROR - 2015-03-27T19:00:32.769Z] WebElementLocator - _handleLocateCommand - Element(s) NOT Found: GAVE UP. Search Stop Time: 1427482832726
[ERROR - 2015-03-27T19:00:33.768Z] WebElementLocator - _handleLocateCommand - Element(s) NOT Found: GAVE UP. Search Stop Time: 1427482833724
[ERROR - 2015-03-27T19:00:34.764Z] WebElementLocator - _handleLocateCommand - Element(s) NOT Found: GAVE UP. Search Stop Time: 1427482834717
[ERROR - 2015-03-27T19:00:35.752Z] WebElementLocator - _handleLocateCommand - Element(s) NOT Found: GAVE UP. Search Stop Time: 1427482835703
[ERROR - 2015-03-27T19:00:36.750Z] WebElementLocator - _handleLocateCommand - Element(s) NOT Found: GAVE UP. Search Stop Time: 1427482836703
[ERROR - 2015-03-27T19:00:37.734Z] WebElementLocator - _handleLocateCommand - Element(s) NOT Found: GAVE UP. Search Stop Time: 1427482837687
[ERROR - 2015-03-27T19:00:41.052Z] WebElementLocator - _handleLocateCommand - Element(s) NOT Found: GAVE UP. Search Stop Time: 1427482841004
[ERROR - 2015-03-27T19:00:42.048Z] WebElementLocator - _handleLocateCommand - Element(s) NOT Found: GAVE UP. Search Stop Time: 1427482842004
[ERROR - 2015-03-27T19:00:43.055Z] WebElementLocator - _handleLocateCommand - Element(s) NOT Found: GAVE UP. Search Stop Time: 1427482843003
[ERROR - 2015-03-27T19:00:44.049Z] WebElementLocator - _handleLocateCommand - Element(s) NOT Found: GAVE UP. Search Stop Time: 1427482844005
[ERROR - 2015-03-27T19:00:45.066Z] WebElementLocator - _handleLocateCommand - Element(s) NOT Found: GAVE UP. Search Stop Time: 1427482845017
[ERROR - 2015-03-27T19:00:46.164Z] WebElementLocator - _handleLocateCommand - Element(s) NOT Found: GAVE UP. Search Stop Time: 1427482846120
[ERROR - 2015-03-27T19:00:47.149Z] WebElementLocator - _handleLocateCommand - Element(s) NOT Found: GAVE UP. Search Stop Time: 1427482847110
[ERROR - 2015-03-27T19:00:48.140Z] WebElementLocator - _handleLocateCommand - Element(s) NOT Found: GAVE UP. Search Stop Time: 1427482848095
[ERROR - 2015-03-27T19:00:49.135Z] WebElementLocator - _handleLocateCommand - Element(s) NOT Found: GAVE UP. Search Stop Time: 1427482849086
[ERROR - 2015-03-27T19:00:50.123Z] WebElementLocator - _handleLocateCommand - Element(s) NOT Found: GAVE UP. Search Stop Time: 1427482850074
[ERROR - 2015-03-27T19:00:51.119Z] WebElementLocator - _handleLocateCommand - Element(s) NOT Found: GAVE UP. Search Stop Time: 1427482851072
[ERROR - 2015-03-27T19:00:54.443Z] WebElementLocator - _handleLocateCommand - Element(s) NOT Found: GAVE UP. Search Stop Time: 1427482854396
[ERROR - 2015-03-27T19:00:55.511Z] WebElementLocator - _handleLocateCommand - Element(s) NOT Found: GAVE UP. Search Stop Time: 1427482855462
[ERROR - 2015-03-27T19:00:56.532Z] WebElementLocator - _handleLocateCommand - Element(s) NOT Found: GAVE UP. Search Stop Time: 1427482856482
[ERROR - 2015-03-27T19:00:57.561Z] WebElementLocator - _handleLocateCommand - Element(s) NOT Found: GAVE UP. Search Stop Time: 1427482857515
[ERROR - 2015-03-27T19:00:58.574Z] WebElementLocator - _handleLocateCommand - Element(s) NOT Found: GAVE UP. Search Stop Time: 1427482858523
[ERROR - 2015-03-27T19:00:59.704Z] WebElementLocator - _handleLocateCommand - Element(s) NOT Found: GAVE UP. Search Stop Time: 1427482859652
[ERROR - 2015-03-27T19:01:00.724Z] WebElementLocator - _handleLocateCommand - Element(s) NOT Found: GAVE UP. Search Stop Time: 1427482860677
[ERROR - 2015-03-27T19:01:01.742Z] WebElementLocator - _handleLocateCommand - Element(s) NOT Found: GAVE UP. Search Stop Time: 1427482861693
[ERROR - 2015-03-27T19:01:02.753Z] WebElementLocator - _handleLocateCommand - Element(s) NOT Found: GAVE UP. Search Stop Time: 1427482862704
[ERROR - 2015-03-27T19:01:03.768Z] WebElementLocator - _handleLocateCommand - Element(s) NOT Found: GAVE UP. Search Stop Time: 1427482863714
[ERROR - 2015-03-27T19:01:07.118Z] WebElementLocator - _handleLocateCommand - Element(s) NOT Found: GAVE UP. Search Stop Time: 1427482867069
[ERROR - 2015-03-27T19:01:08.138Z] WebElementLocator - _handleLocateCommand - Element(s) NOT Found: GAVE UP. Search Stop Time: 1427482868087
[ERROR - 2015-03-27T19:01:09.160Z] WebElementLocator - _handleLocateCommand - Element(s) NOT Found: GAVE UP. Search Stop Time: 1427482869111
[ERROR - 2015-03-27T19:01:10.201Z] WebElementLocator - _handleLocateCommand - Element(s) NOT Found: GAVE UP. Search Stop Time: 1427482870147
[ERROR - 2015-03-27T19:01:11.233Z] WebElementLocator - _handleLocateCommand - Element(s) NOT Found: GAVE UP. Search Stop Time: 1427482871177
[ERROR - 2015-03-27T19:01:12.384Z] WebElementLocator - _handleLocateCommand - Element(s) NOT Found: GAVE UP. Search Stop Time: 1427482872337
[ERROR - 2015-03-27T19:01:13.400Z] WebElementLocator - _handleLocateCommand - Element(s) NOT Found: GAVE UP. Search Stop Time: 1427482873357
[ERROR - 2015-03-27T19:01:14.415Z] WebElementLocator - _handleLocateCommand - Element(s) NOT Found: GAVE UP. Search Stop Time: 1427482874361
[ERROR - 2015-03-27T19:01:15.435Z] WebElementLocator - _handleLocateCommand - Element(s) NOT Found: GAVE UP. Search Stop Time: 1427482875390
[ERROR - 2015-03-27T19:01:16.444Z] WebElementLocator - _handleLocateCommand - Element(s) NOT Found: GAVE UP. Search Stop Time: 1427482876397
[ERROR - 2015-03-27T19:01:20.798Z] WebElementLocator - _handleLocateCommand - Element(s) NOT Found: GAVE UP. Search Stop Time: 1427482880751
[ERROR - 2015-03-27T19:01:21.817Z] WebElementLocator - _handleLocateCommand - Element(s) NOT Found: GAVE UP. Search Stop Time: 1427482881763
[ERROR - 2015-03-27T19:01:22.805Z] WebElementLocator - _handleLocateCommand - Element(s) NOT Found: GAVE UP. Search Stop Time: 1427482882747
[ERROR - 2015-03-27T19:01:23.799Z] WebElementLocator - _handleLocateCommand - Element(s) NOT Found: GAVE UP. Search Stop Time: 1427482883740
[ERROR - 2015-03-27T19:01:24.796Z] WebElementLocator - _handleLocateCommand - Element(s) NOT Found: GAVE UP. Search Stop Time: 1427482884751
[ERROR - 2015-03-27T19:01:25.775Z] WebElementLocator - _handleLocateCommand - Element(s) NOT Found: GAVE UP. Search Stop Time: 1427482885729
[ERROR - 2015-03-27T19:01:26.874Z] WebElementLocator - _handleLocateCommand - Element(s) NOT Found: GAVE UP. Search Stop Time: 1427482886835
[ERROR - 2015-03-27T19:01:27.873Z] WebElementLocator - _handleLocateCommand - Element(s) NOT Found: GAVE UP. Search Stop Time: 1427482887826
[ERROR - 2015-03-27T19:01:28.857Z] WebElementLocator - _handleLocateCommand - Element(s) NOT Found: GAVE UP. Search Stop Time: 1427482888811
[ERROR - 2015-03-27T19:01:29.834Z] WebElementLocator - _handleLocateCommand - Element(s) NOT Found: GAVE UP. Search Stop Time: 1427482889787
[ERROR - 2015-03-27T19:01:30.838Z] WebElementLocator - _handleLocateCommand - Element(s) NOT Found: GAVE UP. Search Stop Time: 1427482890782
[ERROR - 2015-03-27T19:01:31.864Z] WebElementLocator - _handleLocateCommand - Element(s) NOT Found: GAVE UP. Search Stop Time: 1427482891810
[ERROR - 2015-03-27T19:01:35.199Z] WebElementLocator - _handleLocateCommand - Element(s) NOT Found: GAVE UP. Search Stop Time: 1427482895155
[ERROR - 2015-03-27T19:01:36.216Z] WebElementLocator - _handleLocateCommand - Element(s) NOT Found: GAVE UP. Search Stop Time: 1427482896163
[ERROR - 2015-03-27T19:01:37.223Z] WebElementLocator - _handleLocateCommand - Element(s) NOT Found: GAVE UP. Search Stop Time: 1427482897174
[ERROR - 2015-03-27T19:01:38.231Z] WebElementLocator - _handleLocateCommand - Element(s) NOT Found: GAVE UP. Search Stop Time: 1427482898183
[ERROR - 2015-03-27T19:01:39.277Z] WebElementLocator - _handleLocateCommand - Element(s) NOT Found: GAVE UP. Search Stop Time: 1427482899221
[ERROR - 2015-03-27T19:01:40.395Z] WebElementLocator - _handleLocateCommand - Element(s) NOT Found: GAVE UP. Search Stop Time: 1427482900351
[ERROR - 2015-03-27T19:01:41.408Z] WebElementLocator - _handleLocateCommand - Element(s) NOT Found: GAVE UP. Search Stop Time: 1427482901359
[ERROR - 2015-03-27T19:01:42.402Z] WebElementLocator - _handleLocateCommand - Element(s) NOT Found: GAVE UP. Search Stop Time: 1427482902356
[ERROR - 2015-03-27T19:01:43.401Z] WebElementLocator - _handleLocateCommand - Element(s) NOT Found: GAVE UP. Search Stop Time: 1427482903351
[ERROR - 2015-03-27T19:01:44.404Z] WebElementLocator - _handleLocateCommand - Element(s) NOT Found: GAVE UP. Search Stop Time: 1427482904350
[ERROR - 2015-03-27T19:01:47.748Z] WebElementLocator - _handleLocateCommand - Element(s) NOT Found: GAVE UP. Search Stop Time: 1427482907700
[ERROR - 2015-03-27T19:01:48.719Z] WebElementLocator - _handleLocateCommand - Element(s) NOT Found: GAVE UP. Search Stop Time: 1427482908674
[ERROR - 2015-03-27T19:01:49.688Z] WebElementLocator - _handleLocateCommand - Element(s) NOT Found: GAVE UP. Search Stop Time: 1427482909644
[ERROR - 2015-03-27T19:01:50.664Z] WebElementLocator - _handleLocateCommand - Element(s) NOT Found: GAVE UP. Search Stop Time: 1427482910618
[ERROR - 2015-03-27T19:01:51.652Z] WebElementLocator - _handleLocateCommand - Element(s) NOT Found: GAVE UP. Search Stop Time: 1427482911603
[INFO  - 2015-03-27T19:01:52.132Z] SessionManagerReqHand - _cleanupWindowlessSessions - Asynchronous Sessions clean-up phase starting NOW
[ERROR - 2015-03-27T19:01:52.618Z] WebElementLocator - _handleLocateCommand - Element(s) NOT Found: GAVE UP. Search Stop Time: 1427482912572
[ERROR - 2015-03-27T19:01:53.689Z] WebElementLocator - _handleLocateCommand - Element(s) NOT Found: GAVE UP. Search Stop Time: 1427482913644
[ERROR - 2015-03-27T19:01:54.664Z] WebElementLocator - _handleLocateCommand - Element(s) NOT Found: GAVE UP. Search Stop Time: 1427482914620
[ERROR - 2015-03-27T19:01:55.642Z] WebElementLocator - _handleLocateCommand - Element(s) NOT Found: GAVE UP. Search Stop Time: 1427482915593
[ERROR - 2015-03-27T19:01:56.617Z] WebElementLocator - _handleLocateCommand - Element(s) NOT Found: GAVE UP. Search Stop Time: 1427482916573
[ERROR - 2015-03-27T19:01:57.604Z] WebElementLocator - _handleLocateCommand - Element(s) NOT Found: GAVE UP. Search Stop Time: 1427482917548
[ERROR - 2015-03-27T19:01:58.589Z] WebElementLocator - _handleLocateCommand - Element(s) NOT Found: GAVE UP. Search Stop Time: 1427482918545
[ERROR - 2015-03-27T19:02:01.922Z] WebElementLocator - _handleLocateCommand - Element(s) NOT Found: GAVE UP. Search Stop Time: 1427482921872
[ERROR - 2015-03-27T19:02:02.916Z] WebElementLocator - _handleLocateCommand - Element(s) NOT Found: GAVE UP. Search Stop Time: 1427482922869
[ERROR - 2015-03-27T19:02:03.900Z] WebElementLocator - _handleLocateCommand - Element(s) NOT Found: GAVE UP. Search Stop Time: 1427482923856
[ERROR - 2015-03-27T19:02:04.893Z] WebElementLocator - _handleLocateCommand - Element(s) NOT Found: GAVE UP. Search Stop Time: 1427482924843
[ERROR - 2015-03-27T19:02:05.883Z] WebElementLocator - _handleLocateCommand - Element(s) NOT Found: GAVE UP. Search Stop Time: 1427482925841
[ERROR - 2015-03-27T19:02:06.883Z] WebElementLocator - _handleLocateCommand - Element(s) NOT Found: GAVE UP. Search Stop Time: 1427482926836
[ERROR - 2015-03-27T19:02:07.980Z] WebElementLocator - _handleLocateCommand - Element(s) NOT Found: GAVE UP. Search Stop Time: 1427482927936
[ERROR - 2015-03-27T19:02:08.969Z] WebElementLocator - _handleLocateCommand - Element(s) NOT Found: GAVE UP. Search Stop Time: 1427482928922
[ERROR - 2015-03-27T19:02:09.957Z] WebElementLocator - _handleLocateCommand - Element(s) NOT Found: GAVE UP. Search Stop Time: 1427482929909
[ERROR - 2015-03-27T19:02:10.934Z] WebElementLocator - _handleLocateCommand - Element(s) NOT Found: GAVE UP. Search Stop Time: 1427482930891
[ERROR - 2015-03-27T19:02:11.914Z] WebElementLocator - _handleLocateCommand - Element(s) NOT Found: GAVE UP. Search Stop Time: 1427482931875
[ERROR - 2015-03-27T19:02:12.901Z] WebElementLocator - _handleLocateCommand - Element(s) NOT Found: GAVE UP. Search Stop Time: 1427482932852
[ERROR - 2015-03-27T19:02:16.232Z] WebElementLocator - _handleLocateCommand - Element(s) NOT Found: GAVE UP. Search Stop Time: 1427482936186
[ERROR - 2015-03-27T19:02:17.190Z] WebElementLocator - _handleLocateCommand - Element(s) NOT Found: GAVE UP. Search Stop Time: 1427482937146
[ERROR - 2015-03-27T19:02:18.150Z] WebElementLocator - _handleLocateCommand - Element(s) NOT Found: GAVE UP. Search Stop Time: 1427482938106
[ERROR - 2015-03-27T19:02:19.117Z] WebElementLocator - _handleLocateCommand - Element(s) NOT Found: GAVE UP. Search Stop Time: 1427482939068
[ERROR - 2015-03-27T19:02:20.087Z] WebElementLocator - _handleLocateCommand - Element(s) NOT Found: GAVE UP. Search Stop Time: 1427482940042
[ERROR - 2015-03-27T19:02:21.049Z] WebElementLocator - _handleLocateCommand - Element(s) NOT Found: GAVE UP. Search Stop Time: 1427482941002
[ERROR - 2015-03-27T19:02:22.118Z] WebElementLocator - _handleLocateCommand - Element(s) NOT Found: GAVE UP. Search Stop Time: 1427482942072
[ERROR - 2015-03-27T19:02:23.088Z] WebElementLocator - _handleLocateCommand - Element(s) NOT Found: GAVE UP. Search Stop Time: 1427482943044
[ERROR - 2015-03-27T19:02:24.056Z] WebElementLocator - _handleLocateCommand - Element(s) NOT Found: GAVE UP. Search Stop Time: 1427482944006
[ERROR - 2015-03-27T19:02:25.032Z] WebElementLocator - _handleLocateCommand - Element(s) NOT Found: GAVE UP. Search Stop Time: 1427482944979
[ERROR - 2015-03-27T19:02:25.995Z] WebElementLocator - _handleLocateCommand - Element(s) NOT Found: GAVE UP. Search Stop Time: 1427482945948
[ERROR - 2015-03-27T19:02:26.962Z] WebElementLocator - _handleLocateCommand - Element(s) NOT Found: GAVE UP. Search Stop Time: 1427482946923
[ERROR - 2015-03-27T19:02:32.265Z] WebElementLocator - _handleLocateCommand - Element(s) NOT Found: GAVE UP. Search Stop Time: 1427482952222
[ERROR - 2015-03-27T19:02:33.240Z] WebElementLocator - _handleLocateCommand - Element(s) NOT Found: GAVE UP. Search Stop Time: 1427482953201
[ERROR - 2015-03-27T19:02:34.208Z] WebElementLocator - _handleLocateCommand - Element(s) NOT Found: GAVE UP. Search Stop Time: 1427482954161
[ERROR - 2015-03-27T19:02:35.182Z] WebElementLocator - _handleLocateCommand - Element(s) NOT Found: GAVE UP. Search Stop Time: 1427482955138
[ERROR - 2015-03-27T19:02:36.157Z] WebElementLocator - _handleLocateCommand - Element(s) NOT Found: GAVE UP. Search Stop Time: 1427482956114
[ERROR - 2015-03-27T19:02:37.114Z] WebElementLocator - _handleLocateCommand - Element(s) NOT Found: GAVE UP. Search Stop Time: 1427482957074
[ERROR - 2015-03-27T19:02:38.178Z] WebElementLocator - _handleLocateCommand - Element(s) NOT Found: GAVE UP. Search Stop Time: 1427482958133
[ERROR - 2015-03-27T19:02:39.147Z] WebElementLocator - _handleLocateCommand - Element(s) NOT Found: GAVE UP. Search Stop Time: 1427482959097
[ERROR - 2015-03-27T19:02:40.121Z] WebElementLocator - _handleLocateCommand - Element(s) NOT Found: GAVE UP. Search Stop Time: 1427482960069
[ERROR - 2015-03-27T19:02:41.106Z] WebElementLocator - _handleLocateCommand - Element(s) NOT Found: GAVE UP. Search Stop Time: 1427482961061
[ERROR - 2015-03-27T19:02:42.081Z] WebElementLocator - _handleLocateCommand - Element(s) NOT Found: GAVE UP. Search Stop Time: 1427482962037
[ERROR - 2015-03-27T19:02:43.050Z] WebElementLocator - _handleLocateCommand - Element(s) NOT Found: GAVE UP. Search Stop Time: 1427482963006
[ERROR - 2015-03-27T19:02:46.361Z] WebElementLocator - _handleLocateCommand - Element(s) NOT Found: GAVE UP. Search Stop Time: 1427482966319
[ERROR - 2015-03-27T19:02:47.314Z] WebElementLocator - _handleLocateCommand - Element(s) NOT Found: GAVE UP. Search Stop Time: 1427482967273
[ERROR - 2015-03-27T19:02:48.281Z] WebElementLocator - _handleLocateCommand - Element(s) NOT Found: GAVE UP. Search Stop Time: 1427482968225
[ERROR - 2015-03-27T19:02:49.238Z] WebElementLocator - _handleLocateCommand - Element(s) NOT Found: GAVE UP. Search Stop Time: 1427482969193
[ERROR - 2015-03-27T19:02:50.199Z] WebElementLocator - _handleLocateCommand - Element(s) NOT Found: GAVE UP. Search Stop Time: 1427482970156
[ERROR - 2015-03-27T19:02:51.175Z] WebElementLocator - _handleLocateCommand - Element(s) NOT Found: GAVE UP. Search Stop Time: 1427482971123
[ERROR - 2015-03-27T19:02:52.258Z] WebElementLocator - _handleLocateCommand - Element(s) NOT Found: GAVE UP. Search Stop Time: 1427482972210
[ERROR - 2015-03-27T19:02:53.209Z] WebElementLocator - _handleLocateCommand - Element(s) NOT Found: GAVE UP. Search Stop Time: 1427482973167
[ERROR - 2015-03-27T19:02:54.164Z] WebElementLocator - _handleLocateCommand - Element(s) NOT Found: GAVE UP. Search Stop Time: 1427482974124
[ERROR - 2015-03-27T19:02:55.124Z] WebElementLocator - _handleLocateCommand - Element(s) NOT Found: GAVE UP. Search Stop Time: 1427482975077
[ERROR - 2015-03-27T19:02:56.089Z] WebElementLocator - _handleLocateCommand - Element(s) NOT Found: GAVE UP. Search Stop Time: 1427482976051
[ERROR - 2015-03-27T19:02:57.045Z] WebElementLocator - _handleLocateCommand - Element(s) NOT Found: GAVE UP. Search Stop Time: 1427482977000
[ERROR - 2015-03-27T19:03:00.344Z] WebElementLocator - _handleLocateCommand - Element(s) NOT Found: GAVE UP. Search Stop Time: 1427482980297
[ERROR - 2015-03-27T19:03:01.337Z] WebElementLocator - _handleLocateCommand - Element(s) NOT Found: GAVE UP. Search Stop Time: 1427482981284
[ERROR - 2015-03-27T19:03:02.303Z] WebElementLocator - _handleLocateCommand - Element(s) NOT Found: GAVE UP. Search Stop Time: 1427482982256
[ERROR - 2015-03-27T19:03:03.284Z] WebElementLocator - _handleLocateCommand - Element(s) NOT Found: GAVE UP. Search Stop Time: 1427482983231
[ERROR - 2015-03-27T19:03:04.246Z] WebElementLocator - _handleLocateCommand - Element(s) NOT Found: GAVE UP. Search Stop Time: 1427482984198
[ERROR - 2015-03-27T19:03:05.225Z] WebElementLocator - _handleLocateCommand - Element(s) NOT Found: GAVE UP. Search Stop Time: 1427482985172
[ERROR - 2015-03-27T19:03:06.301Z] WebElementLocator - _handleLocateCommand - Element(s) NOT Found: GAVE UP. Search Stop Time: 1427482986264
[ERROR - 2015-03-27T19:03:07.262Z] WebElementLocator - _handleLocateCommand - Element(s) NOT Found: GAVE UP. Search Stop Time: 1427482987221
[ERROR - 2015-03-27T19:03:08.227Z] WebElementLocator - _handleLocateCommand - Element(s) NOT Found: GAVE UP. Search Stop Time: 1427482988185
[ERROR - 2015-03-27T19:03:09.197Z] WebElementLocator - _handleLocateCommand - Element(s) NOT Found: GAVE UP. Search Stop Time: 1427482989151
[ERROR - 2015-03-27T19:03:10.165Z] WebElementLocator - _handleLocateCommand - Element(s) NOT Found: GAVE UP. Search Stop Time: 1427482990118
[ERROR - 2015-03-27T19:03:11.130Z] WebElementLocator - _handleLocateCommand - Element(s) NOT Found: GAVE UP. Search Stop Time: 1427482991083
[ERROR - 2015-03-27T19:03:14.439Z] WebElementLocator - _handleLocateCommand - Element(s) NOT Found: GAVE UP. Search Stop Time: 1427482994391
[ERROR - 2015-03-27T19:03:15.413Z] WebElementLocator - _handleLocateCommand - Element(s) NOT Found: GAVE UP. Search Stop Time: 1427482995370
[ERROR - 2015-03-27T19:03:16.391Z] WebElementLocator - _handleLocateCommand - Element(s) NOT Found: GAVE UP. Search Stop Time: 1427482996338
[ERROR - 2015-03-27T19:03:17.376Z] WebElementLocator - _handleLocateCommand - Element(s) NOT Found: GAVE UP. Search Stop Time: 1427482997324
[ERROR - 2015-03-27T19:03:18.346Z] WebElementLocator - _handleLocateCommand - Element(s) NOT Found: GAVE UP. Search Stop Time: 1427482998307
[ERROR - 2015-03-27T19:03:19.331Z] WebElementLocator - _handleLocateCommand - Element(s) NOT Found: GAVE UP. Search Stop Time: 1427482999281
[ERROR - 2015-03-27T19:03:20.413Z] WebElementLocator - _handleLocateCommand - Element(s) NOT Found: GAVE UP. Search Stop Time: 1427483000373
[ERROR - 2015-03-27T19:03:21.379Z] WebElementLocator - _handleLocateCommand - Element(s) NOT Found: GAVE UP. Search Stop Time: 1427483001340
[ERROR - 2015-03-27T19:03:22.363Z] WebElementLocator - _handleLocateCommand - Element(s) NOT Found: GAVE UP. Search Stop Time: 1427483002310
[ERROR - 2015-03-27T19:03:23.340Z] WebElementLocator - _handleLocateCommand - Element(s) NOT Found: GAVE UP. Search Stop Time: 1427483003293
[ERROR - 2015-03-27T19:03:24.313Z] WebElementLocator - _handleLocateCommand - Element(s) NOT Found: GAVE UP. Search Stop Time: 1427483004266
[ERROR - 2015-03-27T19:03:25.292Z] WebElementLocator - _handleLocateCommand - Element(s) NOT Found: GAVE UP. Search Stop Time: 1427483005242
[ERROR - 2015-03-27T19:03:28.606Z] WebElementLocator - _handleLocateCommand - Element(s) NOT Found: GAVE UP. Search Stop Time: 1427483008566
[ERROR - 2015-03-27T19:03:29.568Z] WebElementLocator - _handleLocateCommand - Element(s) NOT Found: GAVE UP. Search Stop Time: 1427483009527
[ERROR - 2015-03-27T19:03:30.553Z] WebElementLocator - _handleLocateCommand - Element(s) NOT Found: GAVE UP. Search Stop Time: 1427483010503
[ERROR - 2015-03-27T19:03:31.526Z] WebElementLocator - _handleLocateCommand - Element(s) NOT Found: GAVE UP. Search Stop Time: 1427483011476
[ERROR - 2015-03-27T19:03:32.493Z] WebElementLocator - _handleLocateCommand - Element(s) NOT Found: GAVE UP. Search Stop Time: 1427483012446
[ERROR - 2015-03-27T19:03:33.460Z] WebElementLocator - _handleLocateCommand - Element(s) NOT Found: GAVE UP. Search Stop Time: 1427483013411
[ERROR - 2015-03-27T19:03:34.541Z] WebElementLocator - _handleLocateCommand - Element(s) NOT Found: GAVE UP. Search Stop Time: 1427483014494
[ERROR - 2015-03-27T19:03:35.543Z] WebElementLocator - _handleLocateCommand - Element(s) NOT Found: GAVE UP. Search Stop Time: 1427483015497
[ERROR - 2015-03-27T19:03:36.515Z] WebElementLocator - _handleLocateCommand - Element(s) NOT Found: GAVE UP. Search Stop Time: 1427483016466
[ERROR - 2015-03-27T19:03:37.491Z] WebElementLocator - _handleLocateCommand - Element(s) NOT Found: GAVE UP. Search Stop Time: 1427483017439
[ERROR - 2015-03-27T19:03:38.463Z] WebElementLocator - _handleLocateCommand - Element(s) NOT Found: GAVE UP. Search Stop Time: 1427483018418
[ERROR - 2015-03-27T19:03:39.442Z] WebElementLocator - _handleLocateCommand - Element(s) NOT Found: GAVE UP. Search Stop Time: 1427483019396
[ERROR - 2015-03-27T19:03:53.782Z] WebElementLocator - _handleLocateCommand - Element(s) NOT Found: GAVE UP. Search Stop Time: 1427483033729
[ERROR - 2015-03-27T19:03:54.763Z] WebElementLocator - _handleLocateCommand - Element(s) NOT Found: GAVE UP. Search Stop Time: 1427483034718
[ERROR - 2015-03-27T19:03:55.757Z] WebElementLocator - _handleLocateCommand - Element(s) NOT Found: GAVE UP. Search Stop Time: 1427483035699
[ERROR - 2015-03-27T19:03:56.739Z] WebElementLocator - _handleLocateCommand - Element(s) NOT Found: GAVE UP. Search Stop Time: 1427483036689
[ERROR - 2015-03-27T19:03:57.723Z] WebElementLocator - _handleLocateCommand - Element(s) NOT Found: GAVE UP. Search Stop Time: 1427483037675
[ERROR - 2015-03-27T19:03:58.706Z] WebElementLocator - _handleLocateCommand - Element(s) NOT Found: GAVE UP. Search Stop Time: 1427483038658
[ERROR - 2015-03-27T19:04:03.681Z] WebElementLocator - _handleLocateCommand - Element(s) NOT Found: GAVE UP. Search Stop Time: 1427483043626
[ERROR - 2015-03-27T19:04:04.656Z] WebElementLocator - _handleLocateCommand - Element(s) NOT Found: GAVE UP. Search Stop Time: 1427483044612
[ERROR - 2015-03-27T19:04:05.639Z] WebElementLocator - _handleLocateCommand - Element(s) NOT Found: GAVE UP. Search Stop Time: 1427483045588
[ERROR - 2015-03-27T19:04:06.622Z] WebElementLocator - _handleLocateCommand - Element(s) NOT Found: GAVE UP. Search Stop Time: 1427483046576
[ERROR - 2015-03-27T19:04:07.607Z] WebElementLocator - _handleLocateCommand - Element(s) NOT Found: GAVE UP. Search Stop Time: 1427483047554
[ERROR - 2015-03-27T19:04:08.591Z] WebElementLocator - _handleLocateCommand - Element(s) NOT Found: GAVE UP. Search Stop Time: 1427483048536
[ERROR - 2015-03-27T19:04:09.656Z] WebElementLocator - _handleLocateCommand - Element(s) NOT Found: GAVE UP. Search Stop Time: 1427483049614
[ERROR - 2015-03-27T19:04:10.620Z] WebElementLocator - _handleLocateCommand - Element(s) NOT Found: GAVE UP. Search Stop Time: 1427483050579
[ERROR - 2015-03-27T19:04:11.607Z] WebElementLocator - _handleLocateCommand - Element(s) NOT Found: GAVE UP. Search Stop Time: 1427483051553
[ERROR - 2015-03-27T19:04:12.591Z] WebElementLocator - _handleLocateCommand - Element(s) NOT Found: GAVE UP. Search Stop Time: 1427483052539
[ERROR - 2015-03-27T19:04:13.574Z] WebElementLocator - _handleLocateCommand - Element(s) NOT Found: GAVE UP. Search Stop Time: 1427483053530
[ERROR - 2015-03-27T19:04:14.545Z] WebElementLocator - _handleLocateCommand - Element(s) NOT Found: GAVE UP. Search Stop Time: 1427483054498
[ERROR - 2015-03-27T19:04:17.885Z] WebElementLocator - _handleLocateCommand - Element(s) NOT Found: GAVE UP. Search Stop Time: 1427483057837
[ERROR - 2015-03-27T19:04:18.859Z] WebElementLocator - _handleLocateCommand - Element(s) NOT Found: GAVE UP. Search Stop Time: 1427483058809
[ERROR - 2015-03-27T19:04:19.840Z] WebElementLocator - _handleLocateCommand - Element(s) NOT Found: GAVE UP. Search Stop Time: 1427483059789
[ERROR - 2015-03-27T19:04:20.814Z] WebElementLocator - _handleLocateCommand - Element(s) NOT Found: GAVE UP. Search Stop Time: 1427483060768
[ERROR - 2015-03-27T19:04:21.797Z] WebElementLocator - _handleLocateCommand - Element(s) NOT Found: GAVE UP. Search Stop Time: 1427483061745
[ERROR - 2015-03-27T19:04:22.770Z] WebElementLocator - _handleLocateCommand - Element(s) NOT Found: GAVE UP. Search Stop Time: 1427483062719
[ERROR - 2015-03-27T19:04:23.859Z] WebElementLocator - _handleLocateCommand - Element(s) NOT Found: GAVE UP. Search Stop Time: 1427483063813
[ERROR - 2015-03-27T19:04:24.833Z] WebElementLocator - _handleLocateCommand - Element(s) NOT Found: GAVE UP. Search Stop Time: 1427483064790
[ERROR - 2015-03-27T19:04:25.820Z] WebElementLocator - _handleLocateCommand - Element(s) NOT Found: GAVE UP. Search Stop Time: 1427483065767
[ERROR - 2015-03-27T19:04:26.807Z] WebElementLocator - _handleLocateCommand - Element(s) NOT Found: GAVE UP. Search Stop Time: 1427483066758
[ERROR - 2015-03-27T19:04:27.788Z] WebElementLocator - _handleLocateCommand - Element(s) NOT Found: GAVE UP. Search Stop Time: 1427483067745
[ERROR - 2015-03-27T19:04:28.772Z] WebElementLocator - _handleLocateCommand - Element(s) NOT Found: GAVE UP. Search Stop Time: 1427483068727
[ERROR - 2015-03-27T19:04:32.078Z] WebElementLocator - _handleLocateCommand - Element(s) NOT Found: GAVE UP. Search Stop Time: 1427483072038
[ERROR - 2015-03-27T19:04:33.039Z] WebElementLocator - _handleLocateCommand - Element(s) NOT Found: GAVE UP. Search Stop Time: 1427483072992
[ERROR - 2015-03-27T19:04:34.009Z] WebElementLocator - _handleLocateCommand - Element(s) NOT Found: GAVE UP. Search Stop Time: 1427483073960
[ERROR - 2015-03-27T19:04:34.963Z] WebElementLocator - _handleLocateCommand - Element(s) NOT Found: GAVE UP. Search Stop Time: 1427483074917
[ERROR - 2015-03-27T19:04:35.934Z] WebElementLocator - _handleLocateCommand - Element(s) NOT Found: GAVE UP. Search Stop Time: 1427483075887
[ERROR - 2015-03-27T19:04:36.917Z] WebElementLocator - _handleLocateCommand - Element(s) NOT Found: GAVE UP. Search Stop Time: 1427483076871
[ERROR - 2015-03-27T19:04:37.985Z] WebElementLocator - _handleLocateCommand - Element(s) NOT Found: GAVE UP. Search Stop Time: 1427483077934
[ERROR - 2015-03-27T19:04:38.946Z] WebElementLocator - _handleLocateCommand - Element(s) NOT Found: GAVE UP. Search Stop Time: 1427483078906
[ERROR - 2015-03-27T19:04:39.901Z] WebElementLocator - _handleLocateCommand - Element(s) NOT Found: GAVE UP. Search Stop Time: 1427483079859
[ERROR - 2015-03-27T19:04:40.925Z] WebElementLocator - _handleLocateCommand - Element(s) NOT Found: GAVE UP. Search Stop Time: 1427483080877
[ERROR - 2015-03-27T19:04:41.886Z] WebElementLocator - _handleLocateCommand - Element(s) NOT Found: GAVE UP. Search Stop Time: 1427483081845
[ERROR - 2015-03-27T19:04:42.852Z] WebElementLocator - _handleLocateCommand - Element(s) NOT Found: GAVE UP. Search Stop Time: 1427483082810
[ERROR - 2015-03-27T19:04:46.164Z] WebElementLocator - _handleLocateCommand - Element(s) NOT Found: GAVE UP. Search Stop Time: 1427483086118
[ERROR - 2015-03-27T19:04:47.133Z] WebElementLocator - _handleLocateCommand - Element(s) NOT Found: GAVE UP. Search Stop Time: 1427483087094
[ERROR - 2015-03-27T19:04:48.105Z] WebElementLocator - _handleLocateCommand - Element(s) NOT Found: GAVE UP. Search Stop Time: 1427483088053
[ERROR - 2015-03-27T19:04:49.069Z] WebElementLocator - _handleLocateCommand - Element(s) NOT Found: GAVE UP. Search Stop Time: 1427483089028
[ERROR - 2015-03-27T19:04:50.047Z] WebElementLocator - _handleLocateCommand - Element(s) NOT Found: GAVE UP. Search Stop Time: 1427483089995
[ERROR - 2015-03-27T19:04:51.029Z] WebElementLocator - _handleLocateCommand - Element(s) NOT Found: GAVE UP. Search Stop Time: 1427483090976
[ERROR - 2015-03-27T19:04:52.100Z] WebElementLocator - _handleLocateCommand - Element(s) NOT Found: GAVE UP. Search Stop Time: 1427483092053
[ERROR - 2015-03-27T19:04:53.065Z] WebElementLocator - _handleLocateCommand - Element(s) NOT Found: GAVE UP. Search Stop Time: 1427483093021
[ERROR - 2015-03-27T19:04:54.040Z] WebElementLocator - _handleLocateCommand - Element(s) NOT Found: GAVE UP. Search Stop Time: 1427483093988
[ERROR - 2015-03-27T19:04:55.031Z] WebElementLocator - _handleLocateCommand - Element(s) NOT Found: GAVE UP. Search Stop Time: 1427483094978
[ERROR - 2015-03-27T19:04:56.002Z] WebElementLocator - _handleLocateCommand - Element(s) NOT Found: GAVE UP. Search Stop Time: 1427483095951
[ERROR - 2015-03-27T19:04:56.971Z] WebElementLocator - _handleLocateCommand - Element(s) NOT Found: GAVE UP. Search Stop Time: 1427483096926
[ERROR - 2015-03-27T19:05:01.598Z] WebElementLocator - _handleLocateCommand - Element(s) NOT Found: GAVE UP. Search Stop Time: 1427483101549
[ERROR - 2015-03-27T19:05:02.567Z] WebElementLocator - _handleLocateCommand - Element(s) NOT Found: GAVE UP. Search Stop Time: 1427483102522
[ERROR - 2015-03-27T19:05:03.523Z] WebElementLocator - _handleLocateCommand - Element(s) NOT Found: GAVE UP. Search Stop Time: 1427483103479
[ERROR - 2015-03-27T19:05:04.479Z] WebElementLocator - _handleLocateCommand - Element(s) NOT Found: GAVE UP. Search Stop Time: 1427483104433
[ERROR - 2015-03-27T19:05:05.440Z] WebElementLocator - _handleLocateCommand - Element(s) NOT Found: GAVE UP. Search Stop Time: 1427483105394
[ERROR - 2015-03-27T19:05:06.414Z] WebElementLocator - _handleLocateCommand - Element(s) NOT Found: GAVE UP. Search Stop Time: 1427483106368
[ERROR - 2015-03-27T19:05:11.714Z] WebElementLocator - _handleLocateCommand - Element(s) NOT Found: GAVE UP. Search Stop Time: 1427483111671
[ERROR - 2015-03-27T19:05:12.678Z] WebElementLocator - _handleLocateCommand - Element(s) NOT Found: GAVE UP. Search Stop Time: 1427483112627
[ERROR - 2015-03-27T19:05:13.649Z] WebElementLocator - _handleLocateCommand - Element(s) NOT Found: GAVE UP. Search Stop Time: 1427483113603
[ERROR - 2015-03-27T19:05:14.618Z] WebElementLocator - _handleLocateCommand - Element(s) NOT Found: GAVE UP. Search Stop Time: 1427483114566
[ERROR - 2015-03-27T19:05:15.579Z] WebElementLocator - _handleLocateCommand - Element(s) NOT Found: GAVE UP. Search Stop Time: 1427483115534
[ERROR - 2015-03-27T19:05:16.542Z] WebElementLocator - _handleLocateCommand - Element(s) NOT Found: GAVE UP. Search Stop Time: 1427483116496
[ERROR - 2015-03-27T19:05:17.606Z] WebElementLocator - _handleLocateCommand - Element(s) NOT Found: GAVE UP. Search Stop Time: 1427483117565
[ERROR - 2015-03-27T19:05:18.563Z] WebElementLocator - _handleLocateCommand - Element(s) NOT Found: GAVE UP. Search Stop Time: 1427483118519
[ERROR - 2015-03-27T19:05:19.515Z] WebElementLocator - _handleLocateCommand - Element(s) NOT Found: GAVE UP. Search Stop Time: 1427483119474
[ERROR - 2015-03-27T19:05:20.465Z] WebElementLocator - _handleLocateCommand - Element(s) NOT Found: GAVE UP. Search Stop Time: 1427483120424
[ERROR - 2015-03-27T19:05:21.434Z] WebElementLocator - _handleLocateCommand - Element(s) NOT Found: GAVE UP. Search Stop Time: 1427483121381
[ERROR - 2015-03-27T19:05:22.402Z] WebElementLocator - _handleLocateCommand - Element(s) NOT Found: GAVE UP. Search Stop Time: 1427483122355
[ERROR - 2015-03-27T19:05:25.698Z] WebElementLocator - _handleLocateCommand - Element(s) NOT Found: GAVE UP. Search Stop Time: 1427483125653
[ERROR - 2015-03-27T19:05:26.677Z] WebElementLocator - _handleLocateCommand - Element(s) NOT Found: GAVE UP. Search Stop Time: 1427483126629
[ERROR - 2015-03-27T19:05:27.649Z] WebElementLocator - _handleLocateCommand - Element(s) NOT Found: GAVE UP. Search Stop Time: 1427483127604
[ERROR - 2015-03-27T19:05:28.618Z] WebElementLocator - _handleLocateCommand - Element(s) NOT Found: GAVE UP. Search Stop Time: 1427483128571
[ERROR - 2015-03-27T19:05:29.595Z] WebElementLocator - _handleLocateCommand - Element(s) NOT Found: GAVE UP. Search Stop Time: 1427483129544
[ERROR - 2015-03-27T19:05:30.584Z] WebElementLocator - _handleLocateCommand - Element(s) NOT Found: GAVE UP. Search Stop Time: 1427483130530
[ERROR - 2015-03-27T19:05:31.681Z] WebElementLocator - _handleLocateCommand - Element(s) NOT Found: GAVE UP. Search Stop Time: 1427483131632
[ERROR - 2015-03-27T19:05:32.652Z] WebElementLocator - _handleLocateCommand - Element(s) NOT Found: GAVE UP. Search Stop Time: 1427483132605
[ERROR - 2015-03-27T19:05:33.623Z] WebElementLocator - _handleLocateCommand - Element(s) NOT Found: GAVE UP. Search Stop Time: 1427483133571
[ERROR - 2015-03-27T19:05:34.591Z] WebElementLocator - _handleLocateCommand - Element(s) NOT Found: GAVE UP. Search Stop Time: 1427483134544
[ERROR - 2015-03-27T19:05:35.558Z] WebElementLocator - _handleLocateCommand - Element(s) NOT Found: GAVE UP. Search Stop Time: 1427483135513
[ERROR - 2015-03-27T19:05:36.532Z] WebElementLocator - _handleLocateCommand - Element(s) NOT Found: GAVE UP. Search Stop Time: 1427483136486
[ERROR - 2015-03-27T19:05:39.841Z] WebElementLocator - _handleLocateCommand - Element(s) NOT Found: GAVE UP. Search Stop Time: 1427483139796
[ERROR - 2015-03-27T19:05:40.811Z] WebElementLocator - _handleLocateCommand - Element(s) NOT Found: GAVE UP. Search Stop Time: 1427483140763
[ERROR - 2015-03-27T19:05:41.776Z] WebElementLocator - _handleLocateCommand - Element(s) NOT Found: GAVE UP. Search Stop Time: 1427483141732
[ERROR - 2015-03-27T19:05:42.755Z] WebElementLocator - _handleLocateCommand - Element(s) NOT Found: GAVE UP. Search Stop Time: 1427483142709
[ERROR - 2015-03-27T19:05:43.734Z] WebElementLocator - _handleLocateCommand - Element(s) NOT Found: GAVE UP. Search Stop Time: 1427483143686
[ERROR - 2015-03-27T19:05:44.689Z] WebElementLocator - _handleLocateCommand - Element(s) NOT Found: GAVE UP. Search Stop Time: 1427483144641
[ERROR - 2015-03-27T19:05:45.769Z] WebElementLocator - _handleLocateCommand - Element(s) NOT Found: GAVE UP. Search Stop Time: 1427483145722
[ERROR - 2015-03-27T19:05:46.722Z] WebElementLocator - _handleLocateCommand - Element(s) NOT Found: GAVE UP. Search Stop Time: 1427483146678
[ERROR - 2015-03-27T19:05:47.685Z] WebElementLocator - _handleLocateCommand - Element(s) NOT Found: GAVE UP. Search Stop Time: 1427483147642
[ERROR - 2015-03-27T19:05:48.652Z] WebElementLocator - _handleLocateCommand - Element(s) NOT Found: GAVE UP. Search Stop Time: 1427483148604
[ERROR - 2015-03-27T19:05:49.619Z] WebElementLocator - _handleLocateCommand - Element(s) NOT Found: GAVE UP. Search Stop Time: 1427483149575
[ERROR - 2015-03-27T19:05:50.584Z] WebElementLocator - _handleLocateCommand - Element(s) NOT Found: GAVE UP. Search Stop Time: 1427483150540
[ERROR - 2015-03-27T19:05:53.904Z] WebElementLocator - _handleLocateCommand - Element(s) NOT Found: GAVE UP. Search Stop Time: 1427483153859
[ERROR - 2015-03-27T19:05:54.874Z] WebElementLocator - _handleLocateCommand - Element(s) NOT Found: GAVE UP. Search Stop Time: 1427483154820
[ERROR - 2015-03-27T19:05:55.833Z] WebElementLocator - _handleLocateCommand - Element(s) NOT Found: GAVE UP. Search Stop Time: 1427483155788
[ERROR - 2015-03-27T19:05:56.797Z] WebElementLocator - _handleLocateCommand - Element(s) NOT Found: GAVE UP. Search Stop Time: 1427483156750
[ERROR - 2015-03-27T19:05:57.762Z] WebElementLocator - _handleLocateCommand - Element(s) NOT Found: GAVE UP. Search Stop Time: 1427483157716
[ERROR - 2015-03-27T19:05:58.734Z] WebElementLocator - _handleLocateCommand - Element(s) NOT Found: GAVE UP. Search Stop Time: 1427483158680
[ERROR - 2015-03-27T19:05:59.805Z] WebElementLocator - _handleLocateCommand - Element(s) NOT Found: GAVE UP. Search Stop Time: 1427483159759
[ERROR - 2015-03-27T19:06:00.765Z] WebElementLocator - _handleLocateCommand - Element(s) NOT Found: GAVE UP. Search Stop Time: 1427483160723
[ERROR - 2015-03-27T19:06:01.730Z] WebElementLocator - _handleLocateCommand - Element(s) NOT Found: GAVE UP. Search Stop Time: 1427483161682
[ERROR - 2015-03-27T19:06:02.704Z] WebElementLocator - _handleLocateCommand - Element(s) NOT Found: GAVE UP. Search Stop Time: 1427483162657
[ERROR - 2015-03-27T19:06:03.662Z] WebElementLocator - _handleLocateCommand - Element(s) NOT Found: GAVE UP. Search Stop Time: 1427483163621
[ERROR - 2015-03-27T19:06:04.635Z] WebElementLocator - _handleLocateCommand - Element(s) NOT Found: GAVE UP. Search Stop Time: 1427483164587
[ERROR - 2015-03-27T19:06:07.944Z] WebElementLocator - _handleLocateCommand - Element(s) NOT Found: GAVE UP. Search Stop Time: 1427483167897
[ERROR - 2015-03-27T19:06:08.902Z] WebElementLocator - _handleLocateCommand - Element(s) NOT Found: GAVE UP. Search Stop Time: 1427483168854
[ERROR - 2015-03-27T19:06:09.875Z] WebElementLocator - _handleLocateCommand - Element(s) NOT Found: GAVE UP. Search Stop Time: 1427483169828
[ERROR - 2015-03-27T19:06:10.833Z] WebElementLocator - _handleLocateCommand - Element(s) NOT Found: GAVE UP. Search Stop Time: 1427483170781
[ERROR - 2015-03-27T19:06:11.791Z] WebElementLocator - _handleLocateCommand - Element(s) NOT Found: GAVE UP. Search Stop Time: 1427483171740
[ERROR - 2015-03-27T19:06:12.763Z] WebElementLocator - _handleLocateCommand - Element(s) NOT Found: GAVE UP. Search Stop Time: 1427483172716
[ERROR - 2015-03-27T19:06:13.832Z] WebElementLocator - _handleLocateCommand - Element(s) NOT Found: GAVE UP. Search Stop Time: 1427483173792
[ERROR - 2015-03-27T19:06:14.798Z] WebElementLocator - _handleLocateCommand - Element(s) NOT Found: GAVE UP. Search Stop Time: 1427483174753
[ERROR - 2015-03-27T19:06:15.756Z] WebElementLocator - _handleLocateCommand - Element(s) NOT Found: GAVE UP. Search Stop Time: 1427483175711
[ERROR - 2015-03-27T19:06:16.724Z] WebElementLocator - _handleLocateCommand - Element(s) NOT Found: GAVE UP. Search Stop Time: 1427483176685
[ERROR - 2015-03-27T19:06:17.681Z] WebElementLocator - _handleLocateCommand - Element(s) NOT Found: GAVE UP. Search Stop Time: 1427483177640
[ERROR - 2015-03-27T19:06:18.639Z] WebElementLocator - _handleLocateCommand - Element(s) NOT Found: GAVE UP. Search Stop Time: 1427483178596
[ERROR - 2015-03-27T19:06:22.932Z] WebElementLocator - _handleLocateCommand - Element(s) NOT Found: GAVE UP. Search Stop Time: 1427483182887
[ERROR - 2015-03-27T19:06:23.901Z] WebElementLocator - _handleLocateCommand - Element(s) NOT Found: GAVE UP. Search Stop Time: 1427483183855
[ERROR - 2015-03-27T19:06:24.874Z] WebElementLocator - _handleLocateCommand - Element(s) NOT Found: GAVE UP. Search Stop Time: 1427483184826
[ERROR - 2015-03-27T19:06:25.847Z] WebElementLocator - _handleLocateCommand - Element(s) NOT Found: GAVE UP. Search Stop Time: 1427483185800
[ERROR - 2015-03-27T19:06:26.821Z] WebElementLocator - _handleLocateCommand - Element(s) NOT Found: GAVE UP. Search Stop Time: 1427483186769
[ERROR - 2015-03-27T19:06:27.785Z] WebElementLocator - _handleLocateCommand - Element(s) NOT Found: GAVE UP. Search Stop Time: 1427483187739
[ERROR - 2015-03-27T19:06:28.851Z] WebElementLocator - _handleLocateCommand - Element(s) NOT Found: GAVE UP. Search Stop Time: 1427483188810
[ERROR - 2015-03-27T19:06:29.811Z] WebElementLocator - _handleLocateCommand - Element(s) NOT Found: GAVE UP. Search Stop Time: 1427483189765
[ERROR - 2015-03-27T19:06:30.770Z] WebElementLocator - _handleLocateCommand - Element(s) NOT Found: GAVE UP. Search Stop Time: 1427483190727
[ERROR - 2015-03-27T19:06:31.735Z] WebElementLocator - _handleLocateCommand - Element(s) NOT Found: GAVE UP. Search Stop Time: 1427483191689
[ERROR - 2015-03-27T19:06:32.686Z] WebElementLocator - _handleLocateCommand - Element(s) NOT Found: GAVE UP. Search Stop Time: 1427483192644
[ERROR - 2015-03-27T19:06:33.657Z] WebElementLocator - _handleLocateCommand - Element(s) NOT Found: GAVE UP. Search Stop Time: 1427483193610
[ERROR - 2015-03-27T19:06:36.957Z] WebElementLocator - _handleLocateCommand - Element(s) NOT Found: GAVE UP. Search Stop Time: 1427483196910
[ERROR - 2015-03-27T19:06:37.935Z] WebElementLocator - _handleLocateCommand - Element(s) NOT Found: GAVE UP. Search Stop Time: 1427483197893
[ERROR - 2015-03-27T19:06:38.903Z] WebElementLocator - _handleLocateCommand - Element(s) NOT Found: GAVE UP. Search Stop Time: 1427483198864
[ERROR - 2015-03-27T19:06:39.877Z] WebElementLocator - _handleLocateCommand - Element(s) NOT Found: GAVE UP. Search Stop Time: 1427483199829
[ERROR - 2015-03-27T19:06:40.850Z] WebElementLocator - _handleLocateCommand - Element(s) NOT Found: GAVE UP. Search Stop Time: 1427483200799
[ERROR - 2015-03-27T19:06:41.822Z] WebElementLocator - _handleLocateCommand - Element(s) NOT Found: GAVE UP. Search Stop Time: 1427483201774
[ERROR - 2015-03-27T19:06:42.902Z] WebElementLocator - _handleLocateCommand - Element(s) NOT Found: GAVE UP. Search Stop Time: 1427483202858
[ERROR - 2015-03-27T19:06:43.871Z] WebElementLocator - _handleLocateCommand - Element(s) NOT Found: GAVE UP. Search Stop Time: 1427483203825
[ERROR - 2015-03-27T19:06:44.844Z] WebElementLocator - _handleLocateCommand - Element(s) NOT Found: GAVE UP. Search Stop Time: 1427483204794
[ERROR - 2015-03-27T19:06:45.884Z] WebElementLocator - _handleLocateCommand - Element(s) NOT Found: GAVE UP. Search Stop Time: 1427483205837
[ERROR - 2015-03-27T19:06:46.865Z] WebElementLocator - _handleLocateCommand - Element(s) NOT Found: GAVE UP. Search Stop Time: 1427483206810
[ERROR - 2015-03-27T19:06:47.841Z] WebElementLocator - _handleLocateCommand - Element(s) NOT Found: GAVE UP. Search Stop Time: 1427483207797
[ERROR - 2015-03-27T19:06:51.177Z] WebElementLocator - _handleLocateCommand - Element(s) NOT Found: GAVE UP. Search Stop Time: 1427483211135
[INFO  - 2015-03-27T19:06:52.135Z] SessionManagerReqHand - _cleanupWindowlessSessions - Asynchronous Sessions clean-up phase starting NOW
[ERROR - 2015-03-27T19:06:52.165Z] WebElementLocator - _handleLocateCommand - Element(s) NOT Found: GAVE UP. Search Stop Time: 1427483212114
[ERROR - 2015-03-27T19:06:53.128Z] WebElementLocator - _handleLocateCommand - Element(s) NOT Found: GAVE UP. Search Stop Time: 1427483213077
[ERROR - 2015-03-27T19:06:54.091Z] WebElementLocator - _handleLocateCommand - Element(s) NOT Found: GAVE UP. Search Stop Time: 1427483214040
[ERROR - 2015-03-27T19:06:55.067Z] WebElementLocator - _handleLocateCommand - Element(s) NOT Found: GAVE UP. Search Stop Time: 1427483215014
[ERROR - 2015-03-27T19:06:56.016Z] WebElementLocator - _handleLocateCommand - Element(s) NOT Found: GAVE UP. Search Stop Time: 1427483215976
[ERROR - 2015-03-27T19:06:57.094Z] WebElementLocator - _handleLocateCommand - Element(s) NOT Found: GAVE UP. Search Stop Time: 1427483217047
[ERROR - 2015-03-27T19:06:58.012Z] WebElementLocator - _handleLocateCommand - Element(s) NOT Found: GAVE UP. Search Stop Time: 1427483218005
[ERROR - 2015-03-27T19:06:59.005Z] WebElementLocator - _handleLocateCommand - Element(s) NOT Found: GAVE UP. Search Stop Time: 1427483218950
[ERROR - 2015-03-27T19:06:59.974Z] WebElementLocator - _handleLocateCommand - Element(s) NOT Found: GAVE UP. Search Stop Time: 1427483219932
[ERROR - 2015-03-27T19:07:00.937Z] WebElementLocator - _handleLocateCommand - Element(s) NOT Found: GAVE UP. Search Stop Time: 1427483220891
[ERROR - 2015-03-27T19:07:01.898Z] WebElementLocator - _handleLocateCommand - Element(s) NOT Found: GAVE UP. Search Stop Time: 1427483221854
[ERROR - 2015-03-27T19:07:05.209Z] WebElementLocator - _handleLocateCommand - Element(s) NOT Found: GAVE UP. Search Stop Time: 1427483225163
[ERROR - 2015-03-27T19:07:06.178Z] WebElementLocator - _handleLocateCommand - Element(s) NOT Found: GAVE UP. Search Stop Time: 1427483226128
[ERROR - 2015-03-27T19:07:07.135Z] WebElementLocator - _handleLocateCommand - Element(s) NOT Found: GAVE UP. Search Stop Time: 1427483227087
[ERROR - 2015-03-27T19:07:08.082Z] WebElementLocator - _handleLocateCommand - Element(s) NOT Found: GAVE UP. Search Stop Time: 1427483228038
[ERROR - 2015-03-27T19:07:09.045Z] WebElementLocator - _handleLocateCommand - Element(s) NOT Found: GAVE UP. Search Stop Time: 1427483228997
[ERROR - 2015-03-27T19:07:10.025Z] WebElementLocator - _handleLocateCommand - Element(s) NOT Found: GAVE UP. Search Stop Time: 1427483229966
[ERROR - 2015-03-27T19:07:11.081Z] WebElementLocator - _handleLocateCommand - Element(s) NOT Found: GAVE UP. Search Stop Time: 1427483231043
[ERROR - 2015-03-27T19:07:12.031Z] WebElementLocator - _handleLocateCommand - Element(s) NOT Found: GAVE UP. Search Stop Time: 1427483231988
[ERROR - 2015-03-27T19:07:12.995Z] WebElementLocator - _handleLocateCommand - Element(s) NOT Found: GAVE UP. Search Stop Time: 1427483232940
[ERROR - 2015-03-27T19:07:13.962Z] WebElementLocator - _handleLocateCommand - Element(s) NOT Found: GAVE UP. Search Stop Time: 1427483233909
[ERROR - 2015-03-27T19:07:14.922Z] WebElementLocator - _handleLocateCommand - Element(s) NOT Found: GAVE UP. Search Stop Time: 1427483234870
[ERROR - 2015-03-27T19:07:15.877Z] WebElementLocator - _handleLocateCommand - Element(s) NOT Found: GAVE UP. Search Stop Time: 1427483235836
[ERROR - 2015-03-27T19:07:19.178Z] WebElementLocator - _handleLocateCommand - Element(s) NOT Found: GAVE UP. Search Stop Time: 1427483239130
[ERROR - 2015-03-27T19:07:20.153Z] WebElementLocator - _handleLocateCommand - Element(s) NOT Found: GAVE UP. Search Stop Time: 1427483240113
[ERROR - 2015-03-27T19:07:21.102Z] WebElementLocator - _handleLocateCommand - Element(s) NOT Found: GAVE UP. Search Stop Time: 1427483241082
[ERROR - 2015-03-27T19:07:22.170Z] WebElementLocator - _handleLocateCommand - Element(s) NOT Found: GAVE UP. Search Stop Time: 1427483242128
[ERROR - 2015-03-27T19:07:23.246Z] WebElementLocator - _handleLocateCommand - Element(s) NOT Found: GAVE UP. Search Stop Time: 1427483243184
[ERROR - 2015-03-27T19:07:24.374Z] WebElementLocator - _handleLocateCommand - Element(s) NOT Found: GAVE UP. Search Stop Time: 1427483244329
[ERROR - 2015-03-27T19:07:25.316Z] WebElementLocator - _handleLocateCommand - Element(s) NOT Found: GAVE UP. Search Stop Time: 1427483245307
[ERROR - 2015-03-27T19:07:26.402Z] WebElementLocator - _handleLocateCommand - Element(s) NOT Found: GAVE UP. Search Stop Time: 1427483246339
[ERROR - 2015-03-27T19:07:27.384Z] WebElementLocator - _handleLocateCommand - Element(s) NOT Found: GAVE UP. Search Stop Time: 1427483247333
[ERROR - 2015-03-27T19:07:28.502Z] WebElementLocator - _handleLocateCommand - Element(s) NOT Found: GAVE UP. Search Stop Time: 1427483248499
[ERROR - 2015-03-27T19:07:32.891Z] WebElementLocator - _handleLocateCommand - Element(s) NOT Found: GAVE UP. Search Stop Time: 1427483252845
[ERROR - 2015-03-27T19:07:33.860Z] WebElementLocator - _handleLocateCommand - Element(s) NOT Found: GAVE UP. Search Stop Time: 1427483253817
[ERROR - 2015-03-27T19:07:34.840Z] WebElementLocator - _handleLocateCommand - Element(s) NOT Found: GAVE UP. Search Stop Time: 1427483254791
[ERROR - 2015-03-27T19:07:35.820Z] WebElementLocator - _handleLocateCommand - Element(s) NOT Found: GAVE UP. Search Stop Time: 1427483255770
[ERROR - 2015-03-27T19:07:36.789Z] WebElementLocator - _handleLocateCommand - Element(s) NOT Found: GAVE UP. Search Stop Time: 1427483256742
[ERROR - 2015-03-27T19:07:37.772Z] WebElementLocator - _handleLocateCommand - Element(s) NOT Found: GAVE UP. Search Stop Time: 1427483257730
[ERROR - 2015-03-27T19:07:38.845Z] WebElementLocator - _handleLocateCommand - Element(s) NOT Found: GAVE UP. Search Stop Time: 1427483258798
[ERROR - 2015-03-27T19:07:39.815Z] WebElementLocator - _handleLocateCommand - Element(s) NOT Found: GAVE UP. Search Stop Time: 1427483259768
[ERROR - 2015-03-27T19:07:40.795Z] WebElementLocator - _handleLocateCommand - Element(s) NOT Found: GAVE UP. Search Stop Time: 1427483260751
[ERROR - 2015-03-27T19:07:41.793Z] WebElementLocator - _handleLocateCommand - Element(s) NOT Found: GAVE UP. Search Stop Time: 1427483261737
[ERROR - 2015-03-27T19:07:42.796Z] WebElementLocator - _handleLocateCommand - Element(s) NOT Found: GAVE UP. Search Stop Time: 1427483262742
[ERROR - 2015-03-27T19:07:43.765Z] WebElementLocator - _handleLocateCommand - Element(s) NOT Found: GAVE UP. Search Stop Time: 1427483263722
[ERROR - 2015-03-27T19:07:47.085Z] WebElementLocator - _handleLocateCommand - Element(s) NOT Found: GAVE UP. Search Stop Time: 1427483267038
[ERROR - 2015-03-27T19:07:48.072Z] WebElementLocator - _handleLocateCommand - Element(s) NOT Found: GAVE UP. Search Stop Time: 1427483268027
[ERROR - 2015-03-27T19:07:49.064Z] WebElementLocator - _handleLocateCommand - Element(s) NOT Found: GAVE UP. Search Stop Time: 1427483269017
[ERROR - 2015-03-27T19:07:50.059Z] WebElementLocator - _handleLocateCommand - Element(s) NOT Found: GAVE UP. Search Stop Time: 1427483270011
[ERROR - 2015-03-27T19:07:51.052Z] WebElementLocator - _handleLocateCommand - Element(s) NOT Found: GAVE UP. Search Stop Time: 1427483271003
[ERROR - 2015-03-27T19:07:52.057Z] WebElementLocator - _handleLocateCommand - Element(s) NOT Found: GAVE UP. Search Stop Time: 1427483272006
[ERROR - 2015-03-27T19:07:53.166Z] WebElementLocator - _handleLocateCommand - Element(s) NOT Found: GAVE UP. Search Stop Time: 1427483273125
[ERROR - 2015-03-27T19:07:54.145Z] WebElementLocator - _handleLocateCommand - Element(s) NOT Found: GAVE UP. Search Stop Time: 1427483274110
[ERROR - 2015-03-27T19:07:55.149Z] WebElementLocator - _handleLocateCommand - Element(s) NOT Found: GAVE UP. Search Stop Time: 1427483275095
[ERROR - 2015-03-27T19:07:56.130Z] WebElementLocator - _handleLocateCommand - Element(s) NOT Found: GAVE UP. Search Stop Time: 1427483276081
[ERROR - 2015-03-27T19:07:57.134Z] WebElementLocator - _handleLocateCommand - Element(s) NOT Found: GAVE UP. Search Stop Time: 1427483277077
[ERROR - 2015-03-27T19:08:00.777Z] WebElementLocator - _handleLocateCommand - Element(s) NOT Found: GAVE UP. Search Stop Time: 1427483280776
[ERROR - 2015-03-27T19:08:01.882Z] WebElementLocator - _handleLocateCommand - Element(s) NOT Found: GAVE UP. Search Stop Time: 1427483281822
[ERROR - 2015-03-27T19:08:02.854Z] WebElementLocator - _handleLocateCommand - Element(s) NOT Found: GAVE UP. Search Stop Time: 1427483282799
[ERROR - 2015-03-27T19:08:03.813Z] WebElementLocator - _handleLocateCommand - Element(s) NOT Found: GAVE UP. Search Stop Time: 1427483283764
[ERROR - 2015-03-27T19:08:05.532Z] WebElementLocator - _handleLocateCommand - Element(s) NOT Found: GAVE UP. Search Stop Time: 1427483285486
[ERROR - 2015-03-27T19:08:06.517Z] WebElementLocator - _handleLocateCommand - Element(s) NOT Found: GAVE UP. Search Stop Time: 1427483286465
[ERROR - 2015-03-27T19:08:07.499Z] WebElementLocator - _handleLocateCommand - Element(s) NOT Found: GAVE UP. Search Stop Time: 1427483287444
[ERROR - 2015-03-27T19:08:08.486Z] WebElementLocator - _handleLocateCommand - Element(s) NOT Found: GAVE UP. Search Stop Time: 1427483288427
[ERROR - 2015-03-27T19:08:09.412Z] WebElementLocator - _handleLocateCommand - Element(s) NOT Found: GAVE UP. Search Stop Time: 1427483289407
[ERROR - 2015-03-27T19:08:10.482Z] WebElementLocator - _handleLocateCommand - Element(s) NOT Found: GAVE UP. Search Stop Time: 1427483290477
[ERROR - 2015-03-27T19:08:11.655Z] WebElementLocator - _handleLocateCommand - Element(s) NOT Found: GAVE UP. Search Stop Time: 1427483291615
[ERROR - 2015-03-27T19:08:14.017Z] WebElementLocator - _handleLocateCommand - Element(s) NOT Found: GAVE UP. Search Stop Time: 1427483293957
[ERROR - 2015-03-27T19:08:15.156Z] WebElementLocator - _handleLocateCommand - Element(s) NOT Found: GAVE UP. Search Stop Time: 1427483295105
[ERROR - 2015-03-27T19:08:16.149Z] WebElementLocator - _handleLocateCommand - Element(s) NOT Found: GAVE UP. Search Stop Time: 1427483296096
[ERROR - 2015-03-27T19:08:17.129Z] WebElementLocator - _handleLocateCommand - Element(s) NOT Found: GAVE UP. Search Stop Time: 1427483297076
[ERROR - 2015-03-27T19:08:18.113Z] WebElementLocator - _handleLocateCommand - Element(s) NOT Found: GAVE UP. Search Stop Time: 1427483298058
[ERROR - 2015-03-27T19:08:24.251Z] WebElementLocator - _handleLocateCommand - Element(s) NOT Found: GAVE UP. Search Stop Time: 1427483304211
[ERROR - 2015-03-27T19:08:25.234Z] WebElementLocator - _handleLocateCommand - Element(s) NOT Found: GAVE UP. Search Stop Time: 1427483305189
[ERROR - 2015-03-27T19:08:26.212Z] WebElementLocator - _handleLocateCommand - Element(s) NOT Found: GAVE UP. Search Stop Time: 1427483306162
[ERROR - 2015-03-27T19:08:27.180Z] WebElementLocator - _handleLocateCommand - Element(s) NOT Found: GAVE UP. Search Stop Time: 1427483307137
[ERROR - 2015-03-27T19:08:28.147Z] WebElementLocator - _handleLocateCommand - Element(s) NOT Found: GAVE UP. Search Stop Time: 1427483308100
[ERROR - 2015-03-27T19:08:29.125Z] WebElementLocator - _handleLocateCommand - Element(s) NOT Found: GAVE UP. Search Stop Time: 1427483309073
[ERROR - 2015-03-27T19:08:32.429Z] WebElementLocator - _handleLocateCommand - Element(s) NOT Found: GAVE UP. Search Stop Time: 1427483312384
[ERROR - 2015-03-27T19:08:33.403Z] WebElementLocator - _handleLocateCommand - Element(s) NOT Found: GAVE UP. Search Stop Time: 1427483313346
[ERROR - 2015-03-27T19:08:34.366Z] WebElementLocator - _handleLocateCommand - Element(s) NOT Found: GAVE UP. Search Stop Time: 1427483314318
[ERROR - 2015-03-27T19:08:35.328Z] WebElementLocator - _handleLocateCommand - Element(s) NOT Found: GAVE UP. Search Stop Time: 1427483315282
[ERROR - 2015-03-27T19:08:36.294Z] WebElementLocator - _handleLocateCommand - Element(s) NOT Found: GAVE UP. Search Stop Time: 1427483316242
[ERROR - 2015-03-27T19:08:37.259Z] WebElementLocator - _handleLocateCommand - Element(s) NOT Found: GAVE UP. Search Stop Time: 1427483317209
[ERROR - 2015-03-27T19:08:38.341Z] WebElementLocator - _handleLocateCommand - Element(s) NOT Found: GAVE UP. Search Stop Time: 1427483318293
[ERROR - 2015-03-27T19:08:39.296Z] WebElementLocator - _handleLocateCommand - Element(s) NOT Found: GAVE UP. Search Stop Time: 1427483319275
[ERROR - 2015-03-27T19:08:40.333Z] WebElementLocator - _handleLocateCommand - Element(s) NOT Found: GAVE UP. Search Stop Time: 1427483320329
[ERROR - 2015-03-27T19:08:41.316Z] WebElementLocator - _handleLocateCommand - Element(s) NOT Found: GAVE UP. Search Stop Time: 1427483321272
[ERROR - 2015-03-27T19:08:42.303Z] WebElementLocator - _handleLocateCommand - Element(s) NOT Found: GAVE UP. Search Stop Time: 1427483322255
[ERROR - 2015-03-27T19:08:43.281Z] WebElementLocator - _handleLocateCommand - Element(s) NOT Found: GAVE UP. Search Stop Time: 1427483323239
[ERROR - 2015-03-27T19:08:48.600Z] WebElementLocator - _handleLocateCommand - Element(s) NOT Found: GAVE UP. Search Stop Time: 1427483328548
[ERROR - 2015-03-27T19:08:49.600Z] WebElementLocator - _handleLocateCommand - Element(s) NOT Found: GAVE UP. Search Stop Time: 1427483329546
[ERROR - 2015-03-27T19:08:50.565Z] WebElementLocator - _handleLocateCommand - Element(s) NOT Found: GAVE UP. Search Stop Time: 1427483330517
[ERROR - 2015-03-27T19:08:51.521Z] WebElementLocator - _handleLocateCommand - Element(s) NOT Found: GAVE UP. Search Stop Time: 1427483331482
[ERROR - 2015-03-27T19:08:52.503Z] WebElementLocator - _handleLocateCommand - Element(s) NOT Found: GAVE UP. Search Stop Time: 1427483332457
[ERROR - 2015-03-27T19:08:53.469Z] WebElementLocator - _handleLocateCommand - Element(s) NOT Found: GAVE UP. Search Stop Time: 1427483333410
[ERROR - 2015-03-27T19:08:54.557Z] WebElementLocator - _handleLocateCommand - Element(s) NOT Found: GAVE UP. Search Stop Time: 1427483334515
[ERROR - 2015-03-27T19:08:55.519Z] WebElementLocator - _handleLocateCommand - Element(s) NOT Found: GAVE UP. Search Stop Time: 1427483335479
[ERROR - 2015-03-27T19:08:56.487Z] WebElementLocator - _handleLocateCommand - Element(s) NOT Found: GAVE UP. Search Stop Time: 1427483336439
[ERROR - 2015-03-27T19:08:57.466Z] WebElementLocator - _handleLocateCommand - Element(s) NOT Found: GAVE UP. Search Stop Time: 1427483337419
[ERROR - 2015-03-27T19:08:58.417Z] WebElementLocator - _handleLocateCommand - Element(s) NOT Found: GAVE UP. Search Stop Time: 1427483338373
[ERROR - 2015-03-27T19:08:59.373Z] WebElementLocator - _handleLocateCommand - Element(s) NOT Found: GAVE UP. Search Stop Time: 1427483339326
[ERROR - 2015-03-27T19:09:02.698Z] WebElementLocator - _handleLocateCommand - Element(s) NOT Found: GAVE UP. Search Stop Time: 1427483342650
[ERROR - 2015-03-27T19:09:03.664Z] WebElementLocator - _handleLocateCommand - Element(s) NOT Found: GAVE UP. Search Stop Time: 1427483343607
[ERROR - 2015-03-27T19:09:04.618Z] WebElementLocator - _handleLocateCommand - Element(s) NOT Found: GAVE UP. Search Stop Time: 1427483344567
[ERROR - 2015-03-27T19:09:05.582Z] WebElementLocator - _handleLocateCommand - Element(s) NOT Found: GAVE UP. Search Stop Time: 1427483345532
[ERROR - 2015-03-27T19:09:06.548Z] WebElementLocator - _handleLocateCommand - Element(s) NOT Found: GAVE UP. Search Stop Time: 1427483346498
[ERROR - 2015-03-27T19:09:07.506Z] WebElementLocator - _handleLocateCommand - Element(s) NOT Found: GAVE UP. Search Stop Time: 1427483347456
[ERROR - 2015-03-27T19:09:08.575Z] WebElementLocator - _handleLocateCommand - Element(s) NOT Found: GAVE UP. Search Stop Time: 1427483348532
[ERROR - 2015-03-27T19:09:09.550Z] WebElementLocator - _handleLocateCommand - Element(s) NOT Found: GAVE UP. Search Stop Time: 1427483349498
[ERROR - 2015-03-27T19:09:10.510Z] WebElementLocator - _handleLocateCommand - Element(s) NOT Found: GAVE UP. Search Stop Time: 1427483350461
[ERROR - 2015-03-27T19:09:11.456Z] WebElementLocator - _handleLocateCommand - Element(s) NOT Found: GAVE UP. Search Stop Time: 1427483351409
[ERROR - 2015-03-27T19:09:12.405Z] WebElementLocator - _handleLocateCommand - Element(s) NOT Found: GAVE UP. Search Stop Time: 1427483352357
[ERROR - 2015-03-27T19:09:13.349Z] WebElementLocator - _handleLocateCommand - Element(s) NOT Found: GAVE UP. Search Stop Time: 1427483353308
[ERROR - 2015-03-27T19:09:16.638Z] WebElementLocator - _handleLocateCommand - Element(s) NOT Found: GAVE UP. Search Stop Time: 1427483356588
[ERROR - 2015-03-27T19:09:17.592Z] WebElementLocator - _handleLocateCommand - Element(s) NOT Found: GAVE UP. Search Stop Time: 1427483357540
[ERROR - 2015-03-27T19:09:18.536Z] WebElementLocator - _handleLocateCommand - Element(s) NOT Found: GAVE UP. Search Stop Time: 1427483358488
[ERROR - 2015-03-27T19:09:19.497Z] WebElementLocator - _handleLocateCommand - Element(s) NOT Found: GAVE UP. Search Stop Time: 1427483359435
[ERROR - 2015-03-27T19:09:20.456Z] WebElementLocator - _handleLocateCommand - Element(s) NOT Found: GAVE UP. Search Stop Time: 1427483360408
[ERROR - 2015-03-27T19:09:21.440Z] WebElementLocator - _handleLocateCommand - Element(s) NOT Found: GAVE UP. Search Stop Time: 1427483361383
[ERROR - 2015-03-27T19:09:22.516Z] WebElementLocator - _handleLocateCommand - Element(s) NOT Found: GAVE UP. Search Stop Time: 1427483362469
[ERROR - 2015-03-27T19:09:23.473Z] WebElementLocator - _handleLocateCommand - Element(s) NOT Found: GAVE UP. Search Stop Time: 1427483363429
[ERROR - 2015-03-27T19:09:24.425Z] WebElementLocator - _handleLocateCommand - Element(s) NOT Found: GAVE UP. Search Stop Time: 1427483364384
[ERROR - 2015-03-27T19:09:25.394Z] WebElementLocator - _handleLocateCommand - Element(s) NOT Found: GAVE UP. Search Stop Time: 1427483365335
[ERROR - 2015-03-27T19:09:26.341Z] WebElementLocator - _handleLocateCommand - Element(s) NOT Found: GAVE UP. Search Stop Time: 1427483366298
[ERROR - 2015-03-27T19:09:27.296Z] WebElementLocator - _handleLocateCommand - Element(s) NOT Found: GAVE UP. Search Stop Time: 1427483367247
[ERROR - 2015-03-27T19:09:30.591Z] WebElementLocator - _handleLocateCommand - Element(s) NOT Found: GAVE UP. Search Stop Time: 1427483370546
[ERROR - 2015-03-27T19:09:31.585Z] WebElementLocator - _handleLocateCommand - Element(s) NOT Found: GAVE UP. Search Stop Time: 1427483371535
[ERROR - 2015-03-27T19:09:32.567Z] WebElementLocator - _handleLocateCommand - Element(s) NOT Found: GAVE UP. Search Stop Time: 1427483372526
[ERROR - 2015-03-27T19:09:33.549Z] WebElementLocator - _handleLocateCommand - Element(s) NOT Found: GAVE UP. Search Stop Time: 1427483373505
[ERROR - 2015-03-27T19:09:34.534Z] WebElementLocator - _handleLocateCommand - Element(s) NOT Found: GAVE UP. Search Stop Time: 1427483374486
[ERROR - 2015-03-27T19:09:35.506Z] WebElementLocator - _handleLocateCommand - Element(s) NOT Found: GAVE UP. Search Stop Time: 1427483375460
[ERROR - 2015-03-27T19:09:36.602Z] WebElementLocator - _handleLocateCommand - Element(s) NOT Found: GAVE UP. Search Stop Time: 1427483376561
[ERROR - 2015-03-27T19:09:37.598Z] WebElementLocator - _handleLocateCommand - Element(s) NOT Found: GAVE UP. Search Stop Time: 1427483377547
[ERROR - 2015-03-27T19:09:38.621Z] WebElementLocator - _handleLocateCommand - Element(s) NOT Found: GAVE UP. Search Stop Time: 1427483378572
[ERROR - 2015-03-27T19:09:39.637Z] WebElementLocator - _handleLocateCommand - Element(s) NOT Found: GAVE UP. Search Stop Time: 1427483379592
[ERROR - 2015-03-27T19:09:40.623Z] WebElementLocator - _handleLocateCommand - Element(s) NOT Found: GAVE UP. Search Stop Time: 1427483380575
[ERROR - 2015-03-27T19:09:41.601Z] WebElementLocator - _handleLocateCommand - Element(s) NOT Found: GAVE UP. Search Stop Time: 1427483381555
[ERROR - 2015-03-27T19:09:44.935Z] WebElementLocator - _handleLocateCommand - Element(s) NOT Found: GAVE UP. Search Stop Time: 1427483384893
[ERROR - 2015-03-27T19:09:45.892Z] WebElementLocator - _handleLocateCommand - Element(s) NOT Found: GAVE UP. Search Stop Time: 1427483385850
[ERROR - 2015-03-27T19:09:46.873Z] WebElementLocator - _handleLocateCommand - Element(s) NOT Found: GAVE UP. Search Stop Time: 1427483386826
[ERROR - 2015-03-27T19:09:47.838Z] WebElementLocator - _handleLocateCommand - Element(s) NOT Found: GAVE UP. Search Stop Time: 1427483387798
[ERROR - 2015-03-27T19:09:48.815Z] WebElementLocator - _handleLocateCommand - Element(s) NOT Found: GAVE UP. Search Stop Time: 1427483388770
[ERROR - 2015-03-27T19:09:49.800Z] WebElementLocator - _handleLocateCommand - Element(s) NOT Found: GAVE UP. Search Stop Time: 1427483389747
[ERROR - 2015-03-27T19:09:50.874Z] WebElementLocator - _handleLocateCommand - Element(s) NOT Found: GAVE UP. Search Stop Time: 1427483390830
[ERROR - 2015-03-27T19:09:51.847Z] WebElementLocator - _handleLocateCommand - Element(s) NOT Found: GAVE UP. Search Stop Time: 1427483391806
[ERROR - 2015-03-27T19:09:52.820Z] WebElementLocator - _handleLocateCommand - Element(s) NOT Found: GAVE UP. Search Stop Time: 1427483392776
[ERROR - 2015-03-27T19:09:53.795Z] WebElementLocator - _handleLocateCommand - Element(s) NOT Found: GAVE UP. Search Stop Time: 1427483393746
[ERROR - 2015-03-27T19:09:54.767Z] WebElementLocator - _handleLocateCommand - Element(s) NOT Found: GAVE UP. Search Stop Time: 1427483394721
[ERROR - 2015-03-27T19:09:55.738Z] WebElementLocator - _handleLocateCommand - Element(s) NOT Found: GAVE UP. Search Stop Time: 1427483395692
[ERROR - 2015-03-27T19:10:00.058Z] WebElementLocator - _handleLocateCommand - Element(s) NOT Found: GAVE UP. Search Stop Time: 1427483400010
[ERROR - 2015-03-27T19:10:01.005Z] WebElementLocator - _handleLocateCommand - Element(s) NOT Found: GAVE UP. Search Stop Time: 1427483400960
[ERROR - 2015-03-27T19:10:01.965Z] WebElementLocator - _handleLocateCommand - Element(s) NOT Found: GAVE UP. Search Stop Time: 1427483401913
[ERROR - 2015-03-27T19:10:02.929Z] WebElementLocator - _handleLocateCommand - Element(s) NOT Found: GAVE UP. Search Stop Time: 1427483402881
[ERROR - 2015-03-27T19:10:03.898Z] WebElementLocator - _handleLocateCommand - Element(s) NOT Found: GAVE UP. Search Stop Time: 1427483403847
[ERROR - 2015-03-27T19:10:04.859Z] WebElementLocator - _handleLocateCommand - Element(s) NOT Found: GAVE UP. Search Stop Time: 1427483404805
[ERROR - 2015-03-27T19:10:05.909Z] WebElementLocator - _handleLocateCommand - Element(s) NOT Found: GAVE UP. Search Stop Time: 1427483405857
[ERROR - 2015-03-27T19:10:06.876Z] WebElementLocator - _handleLocateCommand - Element(s) NOT Found: GAVE UP. Search Stop Time: 1427483406830
[ERROR - 2015-03-27T19:10:07.827Z] WebElementLocator - _handleLocateCommand - Element(s) NOT Found: GAVE UP. Search Stop Time: 1427483407781
[ERROR - 2015-03-27T19:10:08.796Z] WebElementLocator - _handleLocateCommand - Element(s) NOT Found: GAVE UP. Search Stop Time: 1427483408743
[ERROR - 2015-03-27T19:10:09.744Z] WebElementLocator - _handleLocateCommand - Element(s) NOT Found: GAVE UP. Search Stop Time: 1427483409704
[ERROR - 2015-03-27T19:10:10.698Z] WebElementLocator - _handleLocateCommand - Element(s) NOT Found: GAVE UP. Search Stop Time: 1427483410649
[ERROR - 2015-03-27T19:10:13.982Z] WebElementLocator - _handleLocateCommand - Element(s) NOT Found: GAVE UP. Search Stop Time: 1427483413931
[ERROR - 2015-03-27T19:10:14.935Z] WebElementLocator - _handleLocateCommand - Element(s) NOT Found: GAVE UP. Search Stop Time: 1427483414881
[ERROR - 2015-03-27T19:10:15.907Z] WebElementLocator - _handleLocateCommand - Element(s) NOT Found: GAVE UP. Search Stop Time: 1427483415853
[ERROR - 2015-03-27T19:10:16.867Z] WebElementLocator - _handleLocateCommand - Element(s) NOT Found: GAVE UP. Search Stop Time: 1427483416817
[ERROR - 2015-03-27T19:10:17.827Z] WebElementLocator - _handleLocateCommand - Element(s) NOT Found: GAVE UP. Search Stop Time: 1427483417770
[ERROR - 2015-03-27T19:10:18.770Z] WebElementLocator - _handleLocateCommand - Element(s) NOT Found: GAVE UP. Search Stop Time: 1427483418723
[ERROR - 2015-03-27T19:10:19.812Z] WebElementLocator - _handleLocateCommand - Element(s) NOT Found: GAVE UP. Search Stop Time: 1427483419766
[ERROR - 2015-03-27T19:10:20.758Z] WebElementLocator - _handleLocateCommand - Element(s) NOT Found: GAVE UP. Search Stop Time: 1427483420709
[ERROR - 2015-03-27T19:10:21.707Z] WebElementLocator - _handleLocateCommand - Element(s) NOT Found: GAVE UP. Search Stop Time: 1427483421662
[ERROR - 2015-03-27T19:10:22.656Z] WebElementLocator - _handleLocateCommand - Element(s) NOT Found: GAVE UP. Search Stop Time: 1427483422610
[ERROR - 2015-03-27T19:10:23.603Z] WebElementLocator - _handleLocateCommand - Element(s) NOT Found: GAVE UP. Search Stop Time: 1427483423556
[ERROR - 2015-03-27T19:10:24.575Z] WebElementLocator - _handleLocateCommand - Element(s) NOT Found: GAVE UP. Search Stop Time: 1427483424524
[ERROR - 2015-03-27T19:10:27.883Z] WebElementLocator - _handleLocateCommand - Element(s) NOT Found: GAVE UP. Search Stop Time: 1427483427832
[ERROR - 2015-03-27T19:10:28.873Z] WebElementLocator - _handleLocateCommand - Element(s) NOT Found: GAVE UP. Search Stop Time: 1427483428829
[ERROR - 2015-03-27T19:10:29.846Z] WebElementLocator - _handleLocateCommand - Element(s) NOT Found: GAVE UP. Search Stop Time: 1427483429800
[ERROR - 2015-03-27T19:10:30.836Z] WebElementLocator - _handleLocateCommand - Element(s) NOT Found: GAVE UP. Search Stop Time: 1427483430781
[ERROR - 2015-03-27T19:10:31.838Z] WebElementLocator - _handleLocateCommand - Element(s) NOT Found: GAVE UP. Search Stop Time: 1427483431787
[ERROR - 2015-03-27T19:10:32.818Z] WebElementLocator - _handleLocateCommand - Element(s) NOT Found: GAVE UP. Search Stop Time: 1427483432769
[ERROR - 2015-03-27T19:10:33.928Z] WebElementLocator - _handleLocateCommand - Element(s) NOT Found: GAVE UP. Search Stop Time: 1427483433881
[ERROR - 2015-03-27T19:10:34.918Z] WebElementLocator - _handleLocateCommand - Element(s) NOT Found: GAVE UP. Search Stop Time: 1427483434864
[ERROR - 2015-03-27T19:10:35.918Z] WebElementLocator - _handleLocateCommand - Element(s) NOT Found: GAVE UP. Search Stop Time: 1427483435868
[ERROR - 2015-03-27T19:10:36.898Z] WebElementLocator - _handleLocateCommand - Element(s) NOT Found: GAVE UP. Search Stop Time: 1427483436847
[ERROR - 2015-03-27T19:10:37.863Z] WebElementLocator - _handleLocateCommand - Element(s) NOT Found: GAVE UP. Search Stop Time: 1427483437820
[ERROR - 2015-03-27T19:10:38.847Z] WebElementLocator - _handleLocateCommand - Element(s) NOT Found: GAVE UP. Search Stop Time: 1427483438799
[ERROR - 2015-03-27T19:10:42.155Z] WebElementLocator - _handleLocateCommand - Element(s) NOT Found: GAVE UP. Search Stop Time: 1427483442104
[ERROR - 2015-03-27T19:10:43.133Z] WebElementLocator - _handleLocateCommand - Element(s) NOT Found: GAVE UP. Search Stop Time: 1427483443079
[ERROR - 2015-03-27T19:10:44.207Z] WebElementLocator - _handleLocateCommand - Element(s) NOT Found: GAVE UP. Search Stop Time: 1427483444153
[ERROR - 2015-03-27T19:10:45.157Z] WebElementLocator - _handleLocateCommand - Element(s) NOT Found: GAVE UP. Search Stop Time: 1427483445112
[ERROR - 2015-03-27T19:10:46.116Z] WebElementLocator - _handleLocateCommand - Element(s) NOT Found: GAVE UP. Search Stop Time: 1427483446067
[ERROR - 2015-03-27T19:10:47.092Z] WebElementLocator - _handleLocateCommand - Element(s) NOT Found: GAVE UP. Search Stop Time: 1427483447032
[ERROR - 2015-03-27T19:10:48.222Z] WebElementLocator - _handleLocateCommand - Element(s) NOT Found: GAVE UP. Search Stop Time: 1427483448172
[ERROR - 2015-03-27T19:10:49.188Z] WebElementLocator - _handleLocateCommand - Element(s) NOT Found: GAVE UP. Search Stop Time: 1427483449149
[ERROR - 2015-03-27T19:10:50.191Z] WebElementLocator - _handleLocateCommand - Element(s) NOT Found: GAVE UP. Search Stop Time: 1427483450137
[ERROR - 2015-03-27T19:10:51.159Z] WebElementLocator - _handleLocateCommand - Element(s) NOT Found: GAVE UP. Search Stop Time: 1427483451110
[ERROR - 2015-03-27T19:10:52.102Z] WebElementLocator - _handleLocateCommand - Element(s) NOT Found: GAVE UP. Search Stop Time: 1427483452063
[ERROR - 2015-03-27T19:10:53.061Z] WebElementLocator - _handleLocateCommand - Element(s) NOT Found: GAVE UP. Search Stop Time: 1427483453011
[ERROR - 2015-03-27T19:10:56.367Z] WebElementLocator - _handleLocateCommand - Element(s) NOT Found: GAVE UP. Search Stop Time: 1427483456314
[ERROR - 2015-03-27T19:10:57.349Z] WebElementLocator - _handleLocateCommand - Element(s) NOT Found: GAVE UP. Search Stop Time: 1427483457295
[ERROR - 2015-03-27T19:10:58.311Z] WebElementLocator - _handleLocateCommand - Element(s) NOT Found: GAVE UP. Search Stop Time: 1427483458260
[ERROR - 2015-03-27T19:10:59.320Z] WebElementLocator - _handleLocateCommand - Element(s) NOT Found: GAVE UP. Search Stop Time: 1427483459270
[ERROR - 2015-03-27T19:11:00.320Z] WebElementLocator - _handleLocateCommand - Element(s) NOT Found: GAVE UP. Search Stop Time: 1427483460275
[ERROR - 2015-03-27T19:11:01.322Z] WebElementLocator - _handleLocateCommand - Element(s) NOT Found: GAVE UP. Search Stop Time: 1427483461271
[ERROR - 2015-03-27T19:11:02.403Z] WebElementLocator - _handleLocateCommand - Element(s) NOT Found: GAVE UP. Search Stop Time: 1427483462359
[ERROR - 2015-03-27T19:11:03.378Z] WebElementLocator - _handleLocateCommand - Element(s) NOT Found: GAVE UP. Search Stop Time: 1427483463334
[ERROR - 2015-03-27T19:11:04.361Z] WebElementLocator - _handleLocateCommand - Element(s) NOT Found: GAVE UP. Search Stop Time: 1427483464306
[ERROR - 2015-03-27T19:11:05.334Z] WebElementLocator - _handleLocateCommand - Element(s) NOT Found: GAVE UP. Search Stop Time: 1427483465285
[ERROR - 2015-03-27T19:11:06.311Z] WebElementLocator - _handleLocateCommand - Element(s) NOT Found: GAVE UP. Search Stop Time: 1427483466265
[ERROR - 2015-03-27T19:11:07.300Z] WebElementLocator - _handleLocateCommand - Element(s) NOT Found: GAVE UP. Search Stop Time: 1427483467246
